{"/home/travis/build/npmtest/node-npmtest-dropbox/test.js":{"path":"/home/travis/build/npmtest/node-npmtest-dropbox/test.js","s":{"1":2,"2":2,"3":2,"4":2,"5":2,"6":2,"7":2,"8":1,"9":2,"10":2,"11":1,"12":1,"13":1,"14":1,"15":2,"16":2,"17":2,"18":2,"19":1,"20":1,"21":2,"22":2,"23":2,"24":1,"25":1,"26":1,"27":1,"28":1,"29":1,"30":1,"31":1,"32":1,"33":1,"34":1,"35":1,"36":1,"37":1,"38":1,"39":2,"40":2,"41":1,"42":2,"43":2,"44":1,"45":2,"46":2,"47":1,"48":2,"49":2,"50":1,"51":1,"52":1,"53":1,"54":1},"b":{"1":[2,1,1,1],"2":[1,1,1,1],"3":[1,1],"4":[1,1],"5":[1,1],"6":[1,1],"7":[1,1],"8":[1,1],"9":[1,1],"10":[1,1,1],"11":[1,1],"12":[1,1],"13":[1,1],"14":[1,1],"15":[1,1],"16":[1,1],"17":[1,1]},"f":{"1":2,"2":2,"3":2,"4":2,"5":2,"6":1,"7":1,"8":1,"9":2,"10":2,"11":2,"12":2,"13":1},"fnMap":{"1":{"name":"(anonymous_1)","line":12,"loc":{"start":{"line":12,"column":1},"end":{"line":12,"column":13}}},"2":{"name":"(anonymous_2)","line":19,"loc":{"start":{"line":19,"column":5},"end":{"line":19,"column":17}}},"3":{"name":"(anonymous_3)","line":23,"loc":{"start":{"line":23,"column":24},"end":{"line":23,"column":36}}},"4":{"name":"(anonymous_4)","line":61,"loc":{"start":{"line":61,"column":5},"end":{"line":61,"column":17}}},"5":{"name":"(anonymous_5)","line":82,"loc":{"start":{"line":82,"column":5},"end":{"line":82,"column":17}}},"6":{"name":"(anonymous_6)","line":91,"loc":{"start":{"line":91,"column":77},"end":{"line":94,"column":10}}},"7":{"name":"(anonymous_7)","line":112,"loc":{"start":{"line":112,"column":83},"end":{"line":115,"column":10}},"skip":true},"8":{"name":"(anonymous_8)","line":123,"loc":{"start":{"line":123,"column":77},"end":{"line":126,"column":10}},"skip":true},"9":{"name":"(anonymous_9)","line":139,"loc":{"start":{"line":139,"column":12},"end":{"line":139,"column":40}},"skip":true},"10":{"name":"(anonymous_10)","line":147,"loc":{"start":{"line":147,"column":77},"end":{"line":150,"column":10}},"skip":true},"11":{"name":"(anonymous_11)","line":158,"loc":{"start":{"line":158,"column":83},"end":{"line":161,"column":10}},"skip":true},"12":{"name":"(anonymous_12)","line":169,"loc":{"start":{"line":169,"column":79},"end":{"line":172,"column":10}},"skip":true},"13":{"name":"(anonymous_13)","line":180,"loc":{"start":{"line":180,"column":75},"end":{"line":183,"column":10}},"skip":true}},"statementMap":{"1":{"start":{"line":12,"column":0},"end":{"line":195,"column":5}},"2":{"start":{"line":14,"column":4},"end":{"line":14,"column":14}},"3":{"start":{"line":19,"column":4},"end":{"line":56,"column":9}},"4":{"start":{"line":21,"column":8},"end":{"line":21,"column":19}},"5":{"start":{"line":23,"column":8},"end":{"line":35,"column":13}},"6":{"start":{"line":24,"column":12},"end":{"line":34,"column":13}},"7":{"start":{"line":25,"column":16},"end":{"line":28,"column":30}},"8":{"start":{"line":30,"column":16},"end":{"line":33,"column":27}},"9":{"start":{"line":37,"column":8},"end":{"line":39,"column":21}},"10":{"start":{"line":40,"column":8},"end":{"line":53,"column":9}},"11":{"start":{"line":43,"column":12},"end":{"line":46,"column":14}},"12":{"start":{"line":47,"column":12},"end":{"line":47,"column":18}},"13":{"start":{"line":50,"column":12},"end":{"line":51,"column":46}},"14":{"start":{"line":52,"column":12},"end":{"line":52,"column":18}},"15":{"start":{"line":55,"column":8},"end":{"line":55,"column":35}},"16":{"start":{"line":61,"column":4},"end":{"line":63,"column":9}},"17":{"start":{"line":62,"column":8},"end":{"line":62,"column":15}},"18":{"start":{"line":64,"column":4},"end":{"line":77,"column":5}},"19":{"start":{"line":70,"column":8},"end":{"line":70,"column":14}},"20":{"start":{"line":76,"column":8},"end":{"line":76,"column":14}},"21":{"start":{"line":82,"column":4},"end":{"line":84,"column":9}},"22":{"start":{"line":83,"column":8},"end":{"line":83,"column":15}},"23":{"start":{"line":85,"column":4},"end":{"line":194,"column":5}},"24":{"start":{"line":91,"column":8},"end":{"line":99,"column":10}},"25":{"start":{"line":98,"column":12},"end":{"line":98,"column":35}},"26":{"start":{"line":102,"column":8},"end":{"line":104,"column":63}},"27":{"start":{"line":105,"column":8},"end":{"line":105,"column":14}},"28":{"start":{"line":112,"column":8},"end":{"line":121,"column":10},"skip":true},"29":{"start":{"line":119,"column":12},"end":{"line":119,"column":55},"skip":true},"30":{"start":{"line":120,"column":12},"end":{"line":120,"column":48},"skip":true},"31":{"start":{"line":123,"column":8},"end":{"line":136,"column":10},"skip":true},"32":{"start":{"line":130,"column":12},"end":{"line":130,"column":76},"skip":true},"33":{"start":{"line":131,"column":12},"end":{"line":131,"column":73},"skip":true},"34":{"start":{"line":132,"column":12},"end":{"line":132,"column":74},"skip":true},"35":{"start":{"line":133,"column":12},"end":{"line":133,"column":79},"skip":true},"36":{"start":{"line":134,"column":12},"end":{"line":134,"column":25},"skip":true},"37":{"start":{"line":135,"column":12},"end":{"line":135,"column":45},"skip":true},"38":{"start":{"line":138,"column":8},"end":{"line":145,"column":14},"skip":true},"39":{"start":{"line":143,"column":16},"end":{"line":143,"column":29},"skip":true},"40":{"start":{"line":144,"column":16},"end":{"line":144,"column":55},"skip":true},"41":{"start":{"line":147,"column":8},"end":{"line":156,"column":10},"skip":true},"42":{"start":{"line":154,"column":12},"end":{"line":154,"column":25},"skip":true},"43":{"start":{"line":155,"column":12},"end":{"line":155,"column":45},"skip":true},"44":{"start":{"line":158,"column":8},"end":{"line":167,"column":10},"skip":true},"45":{"start":{"line":165,"column":12},"end":{"line":165,"column":25},"skip":true},"46":{"start":{"line":166,"column":12},"end":{"line":166,"column":48},"skip":true},"47":{"start":{"line":169,"column":8},"end":{"line":178,"column":10},"skip":true},"48":{"start":{"line":176,"column":12},"end":{"line":176,"column":25},"skip":true},"49":{"start":{"line":177,"column":12},"end":{"line":177,"column":46},"skip":true},"50":{"start":{"line":180,"column":8},"end":{"line":189,"column":10},"skip":true},"51":{"start":{"line":187,"column":12},"end":{"line":187,"column":94},"skip":true},"52":{"start":{"line":188,"column":12},"end":{"line":188,"column":48},"skip":true},"53":{"start":{"line":192,"column":8},"end":{"line":192,"column":35},"skip":true},"54":{"start":{"line":193,"column":8},"end":{"line":193,"column":14},"skip":true}},"branchMap":{"1":{"line":25,"type":"binary-expr","locations":[{"start":{"line":25,"column":23},"end":{"line":25,"column":62}},{"start":{"line":26,"column":20},"end":{"line":26,"column":70}},{"start":{"line":27,"column":20},"end":{"line":27,"column":71}},{"start":{"line":28,"column":20},"end":{"line":28,"column":29}}]},"2":{"line":30,"type":"binary-expr","locations":[{"start":{"line":30,"column":23},"end":{"line":30,"column":37}},{"start":{"line":31,"column":20},"end":{"line":31,"column":61}},{"start":{"line":32,"column":20},"end":{"line":32,"column":70}},{"start":{"line":33,"column":20},"end":{"line":33,"column":26}}]},"3":{"line":37,"type":"cond-expr","locations":[{"start":{"line":38,"column":14},"end":{"line":38,"column":20}},{"start":{"line":39,"column":14},"end":{"line":39,"column":20}}]},"4":{"line":40,"type":"switch","locations":[{"start":{"line":42,"column":8},"end":{"line":47,"column":18}},{"start":{"line":49,"column":8},"end":{"line":52,"column":18}}]},"5":{"line":44,"type":"binary-expr","locations":[{"start":{"line":44,"column":16},"end":{"line":44,"column":44}},{"start":{"line":44,"column":48},"end":{"line":44,"column":66}}]},"6":{"line":50,"type":"binary-expr","locations":[{"start":{"line":50,"column":21},"end":{"line":50,"column":49}},{"start":{"line":50,"column":53},"end":{"line":50,"column":72}}]},"7":{"line":64,"type":"switch","locations":[{"start":{"line":69,"column":4},"end":{"line":70,"column":14}},{"start":{"line":75,"column":4},"end":{"line":76,"column":14}}]},"8":{"line":85,"type":"switch","locations":[{"start":{"line":90,"column":4},"end":{"line":105,"column":14}},{"start":{"line":111,"column":4},"end":{"line":193,"column":14},"skip":true}]},"9":{"line":91,"type":"binary-expr","locations":[{"start":{"line":91,"column":42},"end":{"line":91,"column":73}},{"start":{"line":91,"column":77},"end":{"line":99,"column":9}}]},"10":{"line":102,"type":"binary-expr","locations":[{"start":{"line":102,"column":18},"end":{"line":102,"column":32}},{"start":{"line":103,"column":12},"end":{"line":103,"column":53}},{"start":{"line":104,"column":12},"end":{"line":104,"column":61}}]},"11":{"line":112,"type":"binary-expr","locations":[{"start":{"line":112,"column":45},"end":{"line":112,"column":79},"skip":true},{"start":{"line":112,"column":83},"end":{"line":121,"column":9},"skip":true}]},"12":{"line":123,"type":"binary-expr","locations":[{"start":{"line":123,"column":42},"end":{"line":123,"column":73},"skip":true},{"start":{"line":123,"column":77},"end":{"line":136,"column":9},"skip":true}]},"13":{"line":138,"type":"binary-expr","locations":[{"start":{"line":138,"column":48},"end":{"line":138,"column":85},"skip":true},{"start":{"line":139,"column":12},"end":{"line":145,"column":13},"skip":true}]},"14":{"line":147,"type":"binary-expr","locations":[{"start":{"line":147,"column":42},"end":{"line":147,"column":73},"skip":true},{"start":{"line":147,"column":77},"end":{"line":156,"column":9},"skip":true}]},"15":{"line":158,"type":"binary-expr","locations":[{"start":{"line":158,"column":45},"end":{"line":158,"column":79},"skip":true},{"start":{"line":158,"column":83},"end":{"line":167,"column":9},"skip":true}]},"16":{"line":169,"type":"binary-expr","locations":[{"start":{"line":169,"column":43},"end":{"line":169,"column":75},"skip":true},{"start":{"line":169,"column":79},"end":{"line":178,"column":9},"skip":true}]},"17":{"line":180,"type":"binary-expr","locations":[{"start":{"line":180,"column":41},"end":{"line":180,"column":71},"skip":true},{"start":{"line":180,"column":75},"end":{"line":189,"column":9},"skip":true}]}},"code":["/* istanbul instrument in package npmtest_dropbox */","/*jslint","    bitwise: true,","    browser: true,","    maxerr: 8,","    maxlen: 96,","    node: true,","    nomen: true,","    regexp: true,","    stupid: true","*/","(function () {","    'use strict';","    var local;","","","","    // run shared js-env code - pre-init","    (function () {","        // init local","        local = {};","        // init modeJs","        local.modeJs = (function () {","            try {","                return typeof navigator.userAgent === 'string' &&","                    typeof document.querySelector('body') === 'object' &&","                    typeof XMLHttpRequest.prototype.open === 'function' &&","                    'browser';","            } catch (errorCaughtBrowser) {","                return module.exports &&","                    typeof process.versions.node === 'string' &&","                    typeof require('http').createServer === 'function' &&","                    'node';","            }","        }());","        // init global","        local.global = local.modeJs === 'browser'","            ? window","            : global;","        switch (local.modeJs) {","        // re-init local from window.local","        case 'browser':","            local = local.global.utility2.objectSetDefault(","                local.global.utility2_rollup || local.global.local,","                local.global.utility2","            );","            break;","        // re-init local from example.js","        case 'node':","            local = (local.global.utility2_rollup || require('utility2'))","                .requireExampleJsFromReadme();","            break;","        }","        // export local","        local.global.local = local;","    }());","","","","    // run shared js-env code - function","    (function () {","        return;","    }());","    switch (local.modeJs) {","","","","    // run browser js-env code - function","    case 'browser':","        break;","","","","    // run node js-env code - function","    case 'node':","        break;","    }","","","","    // run shared js-env code - post-init","    (function () {","        return;","    }());","    switch (local.modeJs) {","","","","    // run browser js-env code - post-init","    case 'browser':","        local.testCase_browser_nullCase = local.testCase_browser_nullCase || function (","            options,","            onError","        ) {","        /*","         * this function will test browsers's null-case handling-behavior-behavior","         */","            onError(null, options);","        };","","        // run tests","        local.nop(local.modeTest &&","            document.querySelector('#testRunButton1') &&","            document.querySelector('#testRunButton1').click());","        break;","","","","    // run node js-env code - post-init","    /* istanbul ignore next */","    case 'node':","        local.testCase_buildApidoc_default = local.testCase_buildApidoc_default || function (","            options,","            onError","        ) {","        /*","         * this function will test buildApidoc's default handling-behavior-behavior","         */","            options = { modulePathList: module.paths };","            local.buildApidoc(options, onError);","        };","","        local.testCase_buildApp_default = local.testCase_buildApp_default || function (","            options,","            onError","        ) {","        /*","         * this function will test buildApp's default handling-behavior-behavior","         */","            local.testCase_buildReadme_default(options, local.onErrorThrow);","            local.testCase_buildLib_default(options, local.onErrorThrow);","            local.testCase_buildTest_default(options, local.onErrorThrow);","            local.testCase_buildCustomOrg_default(options, local.onErrorThrow);","            options = [];","            local.buildApp(options, onError);","        };","","        local.testCase_buildCustomOrg_default = local.testCase_buildCustomOrg_default ||","            function (options, onError) {","            /*","             * this function will test buildCustomOrg's default handling-behavior","             */","                options = {};","                local.buildCustomOrg(options, onError);","            };","","        local.testCase_buildLib_default = local.testCase_buildLib_default || function (","            options,","            onError","        ) {","        /*","         * this function will test buildLib's default handling-behavior","         */","            options = {};","            local.buildLib(options, onError);","        };","","        local.testCase_buildReadme_default = local.testCase_buildReadme_default || function (","            options,","            onError","        ) {","        /*","         * this function will test buildReadme's default handling-behavior-behavior","         */","            options = {};","            local.buildReadme(options, onError);","        };","","        local.testCase_buildTest_default = local.testCase_buildTest_default || function (","            options,","            onError","        ) {","        /*","         * this function will test buildTest's default handling-behavior","         */","            options = {};","            local.buildTest(options, onError);","        };","","        local.testCase_webpage_default = local.testCase_webpage_default || function (","            options,","            onError","        ) {","        /*","         * this function will test webpage's default handling-behavior","         */","            options = { modeCoverageMerge: true, url: local.serverLocalHost + '?modeTest=1' };","            local.browserTest(options, onError);","        };","","        // run test-server","        local.testRunServer(local);","        break;","    }","}());",""],"l":{"12":2,"14":2,"19":2,"21":2,"23":2,"24":2,"25":2,"30":1,"37":2,"40":2,"43":1,"47":1,"50":1,"52":1,"55":2,"61":2,"62":2,"64":2,"70":1,"76":1,"82":2,"83":2,"85":2,"91":1,"98":1,"102":1,"105":1,"112":1,"119":1,"120":1,"123":1,"130":1,"131":1,"132":1,"133":1,"134":1,"135":1,"138":1,"143":2,"144":2,"147":1,"154":2,"155":2,"158":1,"165":2,"166":2,"169":1,"176":2,"177":2,"180":1,"187":1,"188":1,"192":1,"193":1}},"/home/travis/build/npmtest/node-npmtest-dropbox/lib.npmtest_dropbox.js":{"path":"/home/travis/build/npmtest/node-npmtest-dropbox/lib.npmtest_dropbox.js","s":{"1":2,"2":2,"3":2,"4":2,"5":2,"6":2,"7":2,"8":1,"9":2,"10":2,"11":2,"12":2,"13":1,"14":1,"15":1,"16":1},"b":{"1":[2,1,1,1],"2":[1,1,1,1],"3":[1,1],"4":[2,2],"5":[1,1]},"f":{"1":2,"2":2,"3":2},"fnMap":{"1":{"name":"(anonymous_1)","line":12,"loc":{"start":{"line":12,"column":1},"end":{"line":12,"column":13}}},"2":{"name":"(anonymous_2)","line":19,"loc":{"start":{"line":19,"column":5},"end":{"line":19,"column":17}}},"3":{"name":"(anonymous_3)","line":23,"loc":{"start":{"line":23,"column":24},"end":{"line":23,"column":36}}}},"statementMap":{"1":{"start":{"line":12,"column":0},"end":{"line":53,"column":5}},"2":{"start":{"line":14,"column":4},"end":{"line":14,"column":14}},"3":{"start":{"line":19,"column":4},"end":{"line":52,"column":9}},"4":{"start":{"line":21,"column":8},"end":{"line":21,"column":19}},"5":{"start":{"line":23,"column":8},"end":{"line":35,"column":13}},"6":{"start":{"line":24,"column":12},"end":{"line":34,"column":13}},"7":{"start":{"line":25,"column":16},"end":{"line":28,"column":30}},"8":{"start":{"line":30,"column":16},"end":{"line":33,"column":27}},"9":{"start":{"line":37,"column":8},"end":{"line":39,"column":21}},"10":{"start":{"line":41,"column":8},"end":{"line":41,"column":54}},"11":{"start":{"line":43,"column":8},"end":{"line":43,"column":52}},"12":{"start":{"line":45,"column":8},"end":{"line":51,"column":9}},"13":{"start":{"line":46,"column":12},"end":{"line":46,"column":58}},"14":{"start":{"line":48,"column":12},"end":{"line":48,"column":35}},"15":{"start":{"line":49,"column":12},"end":{"line":49,"column":49}},"16":{"start":{"line":50,"column":12},"end":{"line":50,"column":43}}},"branchMap":{"1":{"line":25,"type":"binary-expr","locations":[{"start":{"line":25,"column":23},"end":{"line":25,"column":62}},{"start":{"line":26,"column":20},"end":{"line":26,"column":70}},{"start":{"line":27,"column":20},"end":{"line":27,"column":71}},{"start":{"line":28,"column":20},"end":{"line":28,"column":29}}]},"2":{"line":30,"type":"binary-expr","locations":[{"start":{"line":30,"column":23},"end":{"line":30,"column":37}},{"start":{"line":31,"column":20},"end":{"line":31,"column":61}},{"start":{"line":32,"column":20},"end":{"line":32,"column":70}},{"start":{"line":33,"column":20},"end":{"line":33,"column":26}}]},"3":{"line":37,"type":"cond-expr","locations":[{"start":{"line":38,"column":14},"end":{"line":38,"column":20}},{"start":{"line":39,"column":14},"end":{"line":39,"column":20}}]},"4":{"line":41,"type":"binary-expr","locations":[{"start":{"line":41,"column":16},"end":{"line":41,"column":44}},{"start":{"line":41,"column":48},"end":{"line":41,"column":53}}]},"5":{"line":45,"type":"if","locations":[{"start":{"line":45,"column":8},"end":{"line":45,"column":8}},{"start":{"line":45,"column":8},"end":{"line":45,"column":8}}]}},"code":["/* istanbul instrument in package npmtest_dropbox */","/*jslint","    bitwise: true,","    browser: true,","    maxerr: 8,","    maxlen: 96,","    node: true,","    nomen: true,","    regexp: true,","    stupid: true","*/","(function () {","    'use strict';","    var local;","","","","    // run shared js-env code - pre-init","    (function () {","        // init local","        local = {};","        // init modeJs","        local.modeJs = (function () {","            try {","                return typeof navigator.userAgent === 'string' &&","                    typeof document.querySelector('body') === 'object' &&","                    typeof XMLHttpRequest.prototype.open === 'function' &&","                    'browser';","            } catch (errorCaughtBrowser) {","                return module.exports &&","                    typeof process.versions.node === 'string' &&","                    typeof require('http').createServer === 'function' &&","                    'node';","            }","        }());","        // init global","        local.global = local.modeJs === 'browser'","            ? window","            : global;","        // init utility2_rollup","        local = local.global.utility2_rollup || local;","        // init lib","        local.local = local.npmtest_dropbox = local;","        // init exports","        if (local.modeJs === 'browser') {","            local.global.utility2_npmtest_dropbox = local;","        } else {","            module.exports = local;","            module.exports.__dirname = __dirname;","            module.exports.module = module;","        }","    }());","}());",""],"l":{"12":2,"14":2,"19":2,"21":2,"23":2,"24":2,"25":2,"30":1,"37":2,"41":2,"43":2,"45":2,"46":1,"48":1,"49":1,"50":1}},"/home/travis/build/npmtest/node-npmtest-dropbox/example.js":{"path":"/home/travis/build/npmtest/node-npmtest-dropbox/example.js","s":{"1":2,"2":2,"3":2,"4":2,"5":2,"6":2,"7":2,"8":1,"9":2,"10":2,"11":2,"12":2,"13":1,"14":2,"15":2,"16":2,"17":2,"18":2,"19":0,"20":2,"21":1,"22":1,"23":1,"24":1,"25":1,"26":0,"27":0,"28":1,"29":1,"30":2,"31":0,"32":0,"33":0,"34":1,"35":2,"36":2,"37":3,"38":3,"39":3,"40":3,"41":0,"42":3,"43":3,"44":3,"45":1,"46":3,"47":1,"48":1,"49":1,"50":1,"51":1,"52":1,"53":1,"54":1,"55":1,"56":1,"57":0,"58":1,"59":6,"60":6,"61":1,"62":2,"63":0,"64":2,"65":1,"66":1,"67":0,"68":0,"69":0,"70":0,"71":0,"72":0,"73":0,"74":0,"75":0,"76":0,"77":0,"78":0,"79":0,"80":0,"81":0,"82":0,"83":0},"b":{"1":[2,1,1,1],"2":[1,1,1,1],"3":[1,1],"4":[2,2],"5":[1,1],"6":[1,1],"7":[2,0],"8":[2,1,1,1,1,1],"9":[0,2,0],"10":[1,1],"11":[2,1,1],"12":[1,0],"13":[0,2],"14":[2,0,0,0,0,0,0],"15":[0,3],"16":[3,0],"17":[1,1],"18":[0,1],"19":[1,2,0,2],"20":[1,0],"21":[1,1],"22":[0,0],"23":[0,0],"24":[0,0],"25":[0,0],"26":[0,0],"27":[0,0],"28":[0,0]},"f":{"1":2,"2":2,"3":2,"4":2,"5":2,"6":2,"7":3,"8":3,"9":3,"10":1,"11":6,"12":0},"fnMap":{"1":{"name":"(anonymous_1)","line":26,"loc":{"start":{"line":26,"column":1},"end":{"line":26,"column":13}}},"2":{"name":"(anonymous_2)","line":33,"loc":{"start":{"line":33,"column":5},"end":{"line":33,"column":17}}},"3":{"name":"(anonymous_3)","line":37,"loc":{"start":{"line":37,"column":24},"end":{"line":37,"column":36}}},"4":{"name":"(anonymous_4)","line":69,"loc":{"start":{"line":69,"column":31},"end":{"line":69,"column":48}},"skip":true},"5":{"name":"(anonymous_5)","line":78,"loc":{"start":{"line":78,"column":26},"end":{"line":78,"column":45}},"skip":true},"6":{"name":"(anonymous_6)","line":123,"loc":{"start":{"line":123,"column":33},"end":{"line":123,"column":48}},"skip":true},"7":{"name":"(anonymous_7)","line":125,"loc":{"start":{"line":125,"column":27},"end":{"line":125,"column":39}},"skip":true},"8":{"name":"(anonymous_8)","line":133,"loc":{"start":{"line":133,"column":59},"end":{"line":133,"column":74}},"skip":true},"9":{"name":"(anonymous_9)","line":143,"loc":{"start":{"line":143,"column":45},"end":{"line":143,"column":62}},"skip":true},"10":{"name":"(anonymous_10)","line":144,"loc":{"start":{"line":144,"column":73},"end":{"line":144,"column":92}},"skip":true},"11":{"name":"(anonymous_11)","line":272,"loc":{"start":{"line":272,"column":51},"end":{"line":272,"column":77}},"skip":true},"12":{"name":"(anonymous_12)","line":315,"loc":{"start":{"line":315,"column":32},"end":{"line":315,"column":61}},"skip":true}},"statementMap":{"1":{"start":{"line":26,"column":0},"end":{"line":326,"column":5}},"2":{"start":{"line":28,"column":4},"end":{"line":28,"column":14}},"3":{"start":{"line":33,"column":4},"end":{"line":60,"column":9}},"4":{"start":{"line":35,"column":8},"end":{"line":35,"column":19}},"5":{"start":{"line":37,"column":8},"end":{"line":49,"column":13}},"6":{"start":{"line":38,"column":12},"end":{"line":48,"column":13}},"7":{"start":{"line":39,"column":16},"end":{"line":42,"column":30}},"8":{"start":{"line":44,"column":16},"end":{"line":47,"column":27}},"9":{"start":{"line":51,"column":8},"end":{"line":53,"column":21}},"10":{"start":{"line":55,"column":8},"end":{"line":57,"column":45}},"11":{"start":{"line":59,"column":8},"end":{"line":59,"column":35}},"12":{"start":{"line":61,"column":4},"end":{"line":325,"column":5}},"13":{"start":{"line":69,"column":8},"end":{"line":121,"column":10},"skip":true},"14":{"start":{"line":70,"column":12},"end":{"line":88,"column":13},"skip":true},"15":{"start":{"line":76,"column":16},"end":{"line":87,"column":19},"skip":true},"16":{"start":{"line":79,"column":20},"end":{"line":86,"column":21},"skip":true},"17":{"start":{"line":82,"column":24},"end":{"line":82,"column":43},"skip":true},"18":{"start":{"line":83,"column":24},"end":{"line":83,"column":30},"skip":true},"19":{"start":{"line":85,"column":24},"end":{"line":85,"column":49},"skip":true},"20":{"start":{"line":89,"column":12},"end":{"line":107,"column":13},"skip":true},"21":{"start":{"line":92,"column":16},"end":{"line":102,"column":17},"skip":true},"22":{"start":{"line":93,"column":20},"end":{"line":93,"column":86},"skip":true},"23":{"start":{"line":94,"column":20},"end":{"line":95,"column":45},"skip":true},"24":{"start":{"line":96,"column":20},"end":{"line":96,"column":42},"skip":true},"25":{"start":{"line":97,"column":20},"end":{"line":97,"column":48},"skip":true},"26":{"start":{"line":100,"column":20},"end":{"line":100,"column":85},"skip":true},"27":{"start":{"line":101,"column":20},"end":{"line":101,"column":96},"skip":true},"28":{"start":{"line":103,"column":16},"end":{"line":103,"column":22},"skip":true},"29":{"start":{"line":106,"column":16},"end":{"line":106,"column":22},"skip":true},"30":{"start":{"line":108,"column":12},"end":{"line":120,"column":13},"skip":true},"31":{"start":{"line":114,"column":16},"end":{"line":119,"column":17},"skip":true},"32":{"start":{"line":116,"column":20},"end":{"line":116,"column":78},"skip":true},"33":{"start":{"line":118,"column":20},"end":{"line":118,"column":47},"skip":true},"34":{"start":{"line":123,"column":8},"end":{"line":141,"column":11},"skip":true},"35":{"start":{"line":124,"column":12},"end":{"line":124,"column":54},"skip":true},"36":{"start":{"line":125,"column":12},"end":{"line":140,"column":14},"skip":true},"37":{"start":{"line":126,"column":16},"end":{"line":126,"column":28},"skip":true},"38":{"start":{"line":127,"column":16},"end":{"line":127,"column":69},"skip":true},"39":{"start":{"line":128,"column":16},"end":{"line":128,"column":75},"skip":true},"40":{"start":{"line":129,"column":16},"end":{"line":131,"column":17},"skip":true},"41":{"start":{"line":130,"column":20},"end":{"line":130,"column":27},"skip":true},"42":{"start":{"line":133,"column":16},"end":{"line":137,"column":36},"skip":true},"43":{"start":{"line":134,"column":20},"end":{"line":136,"column":55},"skip":true},"44":{"start":{"line":139,"column":16},"end":{"line":139,"column":57},"skip":true},"45":{"start":{"line":143,"column":8},"end":{"line":147,"column":11},"skip":true},"46":{"start":{"line":144,"column":12},"end":{"line":146,"column":15},"skip":true},"47":{"start":{"line":145,"column":16},"end":{"line":145,"column":70},"skip":true},"48":{"start":{"line":149,"column":8},"end":{"line":149,"column":31},"skip":true},"49":{"start":{"line":150,"column":8},"end":{"line":150,"column":14},"skip":true},"50":{"start":{"line":158,"column":8},"end":{"line":158,"column":31},"skip":true},"51":{"start":{"line":160,"column":8},"end":{"line":160,"column":33},"skip":true},"52":{"start":{"line":161,"column":8},"end":{"line":161,"column":37},"skip":true},"53":{"start":{"line":162,"column":8},"end":{"line":162,"column":35},"skip":true},"54":{"start":{"line":164,"column":8},"end":{"line":164,"column":50},"skip":true},"55":{"start":{"line":166,"column":8},"end":{"line":256,"column":2},"skip":true},"56":{"start":{"line":258,"column":8},"end":{"line":286,"column":9},"skip":true},"57":{"start":{"line":259,"column":12},"end":{"line":269,"column":14},"skip":true},"58":{"start":{"line":271,"column":12},"end":{"line":285,"column":19},"skip":true},"59":{"start":{"line":274,"column":20},"end":{"line":274,"column":35},"skip":true},"60":{"start":{"line":275,"column":20},"end":{"line":284,"column":21},"skip":true},"61":{"start":{"line":277,"column":24},"end":{"line":277,"column":64},"skip":true},"62":{"start":{"line":279,"column":24},"end":{"line":279,"column":40},"skip":true},"63":{"start":{"line":281,"column":24},"end":{"line":281,"column":40},"skip":true},"64":{"start":{"line":283,"column":24},"end":{"line":283,"column":39},"skip":true},"65":{"start":{"line":288,"column":8},"end":{"line":290,"column":9},"skip":true},"66":{"start":{"line":289,"column":12},"end":{"line":289,"column":18},"skip":true},"67":{"start":{"line":291,"column":8},"end":{"line":293,"column":54},"skip":true},"68":{"start":{"line":296,"column":8},"end":{"line":301,"column":37},"skip":true},"69":{"start":{"line":303,"column":8},"end":{"line":303,"column":82},"skip":true},"70":{"start":{"line":306,"column":8},"end":{"line":308,"column":9},"skip":true},"71":{"start":{"line":307,"column":12},"end":{"line":307,"column":82},"skip":true},"72":{"start":{"line":310,"column":8},"end":{"line":312,"column":9},"skip":true},"73":{"start":{"line":311,"column":12},"end":{"line":311,"column":18},"skip":true},"74":{"start":{"line":313,"column":8},"end":{"line":313,"column":54},"skip":true},"75":{"start":{"line":314,"column":8},"end":{"line":314,"column":69},"skip":true},"76":{"start":{"line":315,"column":8},"end":{"line":323,"column":36},"skip":true},"77":{"start":{"line":316,"column":12},"end":{"line":316,"column":61},"skip":true},"78":{"start":{"line":317,"column":12},"end":{"line":320,"column":13},"skip":true},"79":{"start":{"line":318,"column":16},"end":{"line":318,"column":75},"skip":true},"80":{"start":{"line":319,"column":16},"end":{"line":319,"column":23},"skip":true},"81":{"start":{"line":321,"column":12},"end":{"line":321,"column":38},"skip":true},"82":{"start":{"line":322,"column":12},"end":{"line":322,"column":27},"skip":true},"83":{"start":{"line":324,"column":8},"end":{"line":324,"column":14},"skip":true}},"branchMap":{"1":{"line":39,"type":"binary-expr","locations":[{"start":{"line":39,"column":23},"end":{"line":39,"column":62}},{"start":{"line":40,"column":20},"end":{"line":40,"column":70}},{"start":{"line":41,"column":20},"end":{"line":41,"column":71}},{"start":{"line":42,"column":20},"end":{"line":42,"column":29}}]},"2":{"line":44,"type":"binary-expr","locations":[{"start":{"line":44,"column":23},"end":{"line":44,"column":37}},{"start":{"line":45,"column":20},"end":{"line":45,"column":61}},{"start":{"line":46,"column":20},"end":{"line":46,"column":70}},{"start":{"line":47,"column":20},"end":{"line":47,"column":26}}]},"3":{"line":51,"type":"cond-expr","locations":[{"start":{"line":52,"column":14},"end":{"line":52,"column":20}},{"start":{"line":53,"column":14},"end":{"line":53,"column":20}}]},"4":{"line":55,"type":"binary-expr","locations":[{"start":{"line":55,"column":16},"end":{"line":55,"column":44}},{"start":{"line":55,"column":49},"end":{"line":57,"column":43}}]},"5":{"line":55,"type":"cond-expr","locations":[{"start":{"line":56,"column":14},"end":{"line":56,"column":51}},{"start":{"line":57,"column":14},"end":{"line":57,"column":43}}]},"6":{"line":61,"type":"switch","locations":[{"start":{"line":68,"column":4},"end":{"line":150,"column":14},"skip":true},{"start":{"line":156,"column":4},"end":{"line":324,"column":14},"skip":true}]},"7":{"line":70,"type":"if","locations":[{"start":{"line":70,"column":12},"end":{"line":70,"column":12},"skip":true},{"start":{"line":70,"column":12},"end":{"line":70,"column":12},"skip":true}]},"8":{"line":70,"type":"binary-expr","locations":[{"start":{"line":70,"column":16},"end":{"line":70,"column":22},"skip":true},{"start":{"line":70,"column":27},"end":{"line":70,"column":32},"skip":true},{"start":{"line":71,"column":20},"end":{"line":71,"column":39},"skip":true},{"start":{"line":72,"column":20},"end":{"line":72,"column":49},"skip":true},{"start":{"line":73,"column":20},"end":{"line":73,"column":58},"skip":true},{"start":{"line":74,"column":20},"end":{"line":74,"column":69},"skip":true}]},"9":{"line":79,"type":"switch","locations":[{"start":{"line":80,"column":20},"end":{"line":80,"column":33},"skip":true},{"start":{"line":81,"column":20},"end":{"line":83,"column":30},"skip":true},{"start":{"line":84,"column":20},"end":{"line":85,"column":49},"skip":true}]},"10":{"line":89,"type":"switch","locations":[{"start":{"line":90,"column":12},"end":{"line":103,"column":22},"skip":true},{"start":{"line":105,"column":12},"end":{"line":106,"column":22},"skip":true}]},"11":{"line":89,"type":"binary-expr","locations":[{"start":{"line":89,"column":20},"end":{"line":89,"column":25},"skip":true},{"start":{"line":89,"column":29},"end":{"line":89,"column":48},"skip":true},{"start":{"line":89,"column":52},"end":{"line":89,"column":74},"skip":true}]},"12":{"line":92,"type":"if","locations":[{"start":{"line":92,"column":16},"end":{"line":92,"column":16},"skip":true},{"start":{"line":92,"column":16},"end":{"line":92,"column":16},"skip":true}]},"13":{"line":108,"type":"if","locations":[{"start":{"line":108,"column":12},"end":{"line":108,"column":12},"skip":true},{"start":{"line":108,"column":12},"end":{"line":108,"column":12},"skip":true}]},"14":{"line":108,"type":"binary-expr","locations":[{"start":{"line":108,"column":16},"end":{"line":108,"column":61},"skip":true},{"start":{"line":108,"column":66},"end":{"line":108,"column":72},"skip":true},{"start":{"line":108,"column":77},"end":{"line":108,"column":82},"skip":true},{"start":{"line":109,"column":20},"end":{"line":109,"column":39},"skip":true},{"start":{"line":110,"column":20},"end":{"line":110,"column":49},"skip":true},{"start":{"line":111,"column":20},"end":{"line":111,"column":58},"skip":true},{"start":{"line":112,"column":20},"end":{"line":112,"column":68},"skip":true}]},"15":{"line":129,"type":"if","locations":[{"start":{"line":129,"column":16},"end":{"line":129,"column":16},"skip":true},{"start":{"line":129,"column":16},"end":{"line":129,"column":16},"skip":true}]},"16":{"line":134,"type":"cond-expr","locations":[{"start":{"line":135,"column":26},"end":{"line":135,"column":29},"skip":true},{"start":{"line":136,"column":26},"end":{"line":136,"column":54},"skip":true}]},"17":{"line":164,"type":"binary-expr","locations":[{"start":{"line":164,"column":27},"end":{"line":164,"column":43},"skip":true},{"start":{"line":164,"column":47},"end":{"line":164,"column":49},"skip":true}]},"18":{"line":258,"type":"if","locations":[{"start":{"line":258,"column":8},"end":{"line":258,"column":8},"skip":true},{"start":{"line":258,"column":8},"end":{"line":258,"column":8},"skip":true}]},"19":{"line":275,"type":"switch","locations":[{"start":{"line":276,"column":20},"end":{"line":277,"column":64},"skip":true},{"start":{"line":278,"column":20},"end":{"line":279,"column":40},"skip":true},{"start":{"line":280,"column":20},"end":{"line":281,"column":40},"skip":true},{"start":{"line":282,"column":20},"end":{"line":283,"column":39},"skip":true}]},"20":{"line":288,"type":"if","locations":[{"start":{"line":288,"column":8},"end":{"line":288,"column":8},"skip":true},{"start":{"line":288,"column":8},"end":{"line":288,"column":8},"skip":true}]},"21":{"line":288,"type":"binary-expr","locations":[{"start":{"line":288,"column":12},"end":{"line":288,"column":40},"skip":true},{"start":{"line":288,"column":44},"end":{"line":288,"column":67},"skip":true}]},"22":{"line":292,"type":"binary-expr","locations":[{"start":{"line":292,"column":12},"end":{"line":292,"column":50},"skip":true},{"start":{"line":293,"column":12},"end":{"line":293,"column":53},"skip":true}]},"23":{"line":297,"type":"binary-expr","locations":[{"start":{"line":297,"column":12},"end":{"line":297,"column":65},"skip":true},{"start":{"line":298,"column":12},"end":{"line":301,"column":36},"skip":true}]},"24":{"line":303,"type":"binary-expr","locations":[{"start":{"line":303,"column":43},"end":{"line":303,"column":75},"skip":true},{"start":{"line":303,"column":79},"end":{"line":303,"column":81},"skip":true}]},"25":{"line":306,"type":"if","locations":[{"start":{"line":306,"column":8},"end":{"line":306,"column":8},"skip":true},{"start":{"line":306,"column":8},"end":{"line":306,"column":8},"skip":true}]},"26":{"line":310,"type":"if","locations":[{"start":{"line":310,"column":8},"end":{"line":310,"column":8},"skip":true},{"start":{"line":310,"column":8},"end":{"line":310,"column":8},"skip":true}]},"27":{"line":313,"type":"binary-expr","locations":[{"start":{"line":313,"column":27},"end":{"line":313,"column":43},"skip":true},{"start":{"line":313,"column":47},"end":{"line":313,"column":53},"skip":true}]},"28":{"line":317,"type":"if","locations":[{"start":{"line":317,"column":12},"end":{"line":317,"column":12},"skip":true},{"start":{"line":317,"column":12},"end":{"line":317,"column":12},"skip":true}]}},"code":["/*","example.js","","quickstart example","","instruction","    1. save this script as example.js","    2. run the shell command:","        $ npm install npmtest-dropbox && PORT=8081 node example.js","    3. play with the browser-demo on http://127.0.0.1:8081","*/","","","","/* istanbul instrument in package npmtest_dropbox */","/*jslint","    bitwise: true,","    browser: true,","    maxerr: 8,","    maxlen: 96,","    node: true,","    nomen: true,","    regexp: true,","    stupid: true","*/","(function () {","    'use strict';","    var local;","","","","    // run shared js-env code - pre-init","    (function () {","        // init local","        local = {};","        // init modeJs","        local.modeJs = (function () {","            try {","                return typeof navigator.userAgent === 'string' &&","                    typeof document.querySelector('body') === 'object' &&","                    typeof XMLHttpRequest.prototype.open === 'function' &&","                    'browser';","            } catch (errorCaughtBrowser) {","                return module.exports &&","                    typeof process.versions.node === 'string' &&","                    typeof require('http').createServer === 'function' &&","                    'node';","            }","        }());","        // init global","        local.global = local.modeJs === 'browser'","            ? window","            : global;","        // init utility2_rollup","        local = local.global.utility2_rollup || (local.modeJs === 'browser'","            ? local.global.utility2_npmtest_dropbox","            : global.utility2_moduleExports);","        // export local","        local.global.local = local;","    }());","    switch (local.modeJs) {","","","","    // post-init","    // run browser js-env code - post-init","    /* istanbul ignore next */","    case 'browser':","        local.testRunBrowser = function (event) {","            if (!event || (event &&","                    event.currentTarget &&","                    event.currentTarget.className &&","                    event.currentTarget.className.includes &&","                    event.currentTarget.className.includes('onreset'))) {","                // reset output","                Array.from(","                    document.querySelectorAll('body > .resettable')","                ).forEach(function (element) {","                    switch (element.tagName) {","                    case 'INPUT':","                    case 'TEXTAREA':","                        element.value = '';","                        break;","                    default:","                        element.textContent = '';","                    }","                });","            }","            switch (event && event.currentTarget && event.currentTarget.id) {","            case 'testRunButton1':","                // show tests","                if (document.querySelector('#testReportDiv1').style.display === 'none') {","                    document.querySelector('#testReportDiv1').style.display = 'block';","                    document.querySelector('#testRunButton1').textContent =","                        'hide internal test';","                    local.modeTest = true;","                    local.testRunDefault(local);","                // hide tests","                } else {","                    document.querySelector('#testReportDiv1').style.display = 'none';","                    document.querySelector('#testRunButton1').textContent = 'run internal test';","                }","                break;","            // custom-case","            default:","                break;","            }","            if (document.querySelector('#inputTextareaEval1') && (!event || (event &&","                    event.currentTarget &&","                    event.currentTarget.className &&","                    event.currentTarget.className.includes &&","                    event.currentTarget.className.includes('oneval')))) {","                // try to eval input-code","                try {","                    /*jslint evil: true*/","                    eval(document.querySelector('#inputTextareaEval1').value);","                } catch (errorCaught) {","                    console.error(errorCaught);","                }","            }","        };","        // log stderr and stdout to #outputTextareaStdout1","        ['error', 'log'].forEach(function (key) {","            console[key + '_original'] = console[key];","            console[key] = function () {","                var element;","                console[key + '_original'].apply(console, arguments);","                element = document.querySelector('#outputTextareaStdout1');","                if (!element) {","                    return;","                }","                // append text to #outputTextareaStdout1","                element.value += Array.from(arguments).map(function (arg) {","                    return typeof arg === 'string'","                        ? arg","                        : JSON.stringify(arg, null, 4);","                }).join(' ') + '\\n';","                // scroll textarea to bottom","                element.scrollTop = element.scrollHeight;","            };","        });","        // init event-handling","        ['change', 'click', 'keyup'].forEach(function (event) {","            Array.from(document.querySelectorAll('.on' + event)).forEach(function (element) {","                element.addEventListener(event, local.testRunBrowser);","            });","        });","        // run tests","        local.testRunBrowser();","        break;","","","","    // run node js-env code - post-init","    /* istanbul ignore next */","    case 'node':","        // export local","        module.exports = local;","        // require modules","        local.fs = require('fs');","        local.http = require('http');","        local.url = require('url');","        // init assets","        local.assetsDict = local.assetsDict || {};","        /* jslint-ignore-begin */","        local.assetsDict['/assets.index.template.html'] = '\\","<!doctype html>\\n\\","<html lang=\"en\">\\n\\","<head>\\n\\","<meta charset=\"UTF-8\">\\n\\","<meta name=\"viewport\" content=\"width=device-width, initial-scale=1\">\\n\\","<title>{{env.npm_package_name}} (v{{env.npm_package_version}})</title>\\n\\","<style>\\n\\","/*csslint\\n\\","    box-sizing: false,\\n\\","    universal-selector: false\\n\\","*/\\n\\","* {\\n\\","    box-sizing: border-box;\\n\\","}\\n\\","body {\\n\\","    background: #dde;\\n\\","    font-family: Arial, Helvetica, sans-serif;\\n\\","    margin: 2rem;\\n\\","}\\n\\","body > * {\\n\\","    margin-bottom: 1rem;\\n\\","}\\n\\",".utility2FooterDiv {\\n\\","    margin-top: 20px;\\n\\","    text-align: center;\\n\\","}\\n\\","</style>\\n\\","<style>\\n\\","/*csslint\\n\\","*/\\n\\","textarea {\\n\\","    font-family: monospace;\\n\\","    height: 10rem;\\n\\","    width: 100%;\\n\\","}\\n\\","textarea[readonly] {\\n\\","    background: #ddd;\\n\\","}\\n\\","</style>\\n\\","</head>\\n\\","<body>\\n\\","<!-- utility2-comment\\n\\","<div id=\"ajaxProgressDiv1\" style=\"background: #d00; height: 2px; left: 0; margin: 0; padding: 0; position: fixed; top: 0; transition: background 0.5s, width 1.5s; width: 25%;\"></div>\\n\\","utility2-comment -->\\n\\","<h1>\\n\\","<!-- utility2-comment\\n\\","    <a\\n\\","        {{#if env.npm_package_homepage}}\\n\\","        href=\"{{env.npm_package_homepage}}\"\\n\\","        {{/if env.npm_package_homepage}}\\n\\","        target=\"_blank\"\\n\\","    >\\n\\","utility2-comment -->\\n\\","        {{env.npm_package_name}} (v{{env.npm_package_version}})\\n\\","<!-- utility2-comment\\n\\","    </a>\\n\\","utility2-comment -->\\n\\","</h1>\\n\\","<h3>{{env.npm_package_description}}</h3>\\n\\","<!-- utility2-comment\\n\\","<h4><a download href=\"assets.app.js\">download standalone app</a></h4>\\n\\","<button class=\"onclick onreset\" id=\"testRunButton1\">run internal test</button><br>\\n\\","<div id=\"testReportDiv1\" style=\"display: none;\"></div>\\n\\","utility2-comment -->\\n\\","\\n\\","\\n\\","\\n\\","<label>stderr and stdout</label>\\n\\","<textarea class=\"resettable\" id=\"outputTextareaStdout1\" readonly></textarea>\\n\\","<!-- utility2-comment\\n\\","{{#if isRollup}}\\n\\","<script src=\"assets.app.js\"></script>\\n\\","{{#unless isRollup}}\\n\\","utility2-comment -->\\n\\","<script src=\"assets.utility2.rollup.js\"></script>\\n\\","<script src=\"jsonp.utility2._stateInit?callback=window.utility2._stateInit\"></script>\\n\\","<script src=\"assets.npmtest_dropbox.rollup.js\"></script>\\n\\","<script src=\"assets.example.js\"></script>\\n\\","<script src=\"assets.test.js\"></script>\\n\\","<!-- utility2-comment\\n\\","{{/if isRollup}}\\n\\","utility2-comment -->\\n\\","<div class=\"utility2FooterDiv\">\\n\\","    [ this app was created with\\n\\","    <a href=\"https://github.com/kaizhu256/node-utility2\" target=\"_blank\">utility2</a>\\n\\","    ]\\n\\","</div>\\n\\","</body>\\n\\","</html>\\n\\","';","        /* jslint-ignore-end */","        if (local.templateRender) {","            local.assetsDict['/'] = local.templateRender(","                local.assetsDict['/assets.index.template.html'],","                {","                    env: local.objectSetDefault(local.env, {","                        npm_package_description: 'the greatest app in the world!',","                        npm_package_name: 'my-app',","                        npm_package_nameAlias: 'my_app',","                        npm_package_version: '0.0.1'","                    })","                }","            );","        } else {","            local.assetsDict['/'] = local.assetsDict['/assets.index.template.html']","                .replace((/\\{\\{env\\.(\\w+?)\\}\\}/g), function (match0, match1) {","                    // jslint-hack","                    String(match0);","                    switch (match1) {","                    case 'npm_package_description':","                        return 'the greatest app in the world!';","                    case 'npm_package_name':","                        return 'my-app';","                    case 'npm_package_nameAlias':","                        return 'my_app';","                    case 'npm_package_version':","                        return '0.0.1';","                    }","                });","        }","        // run the cli","        if (local.global.utility2_rollup || module !== require.main) {","            break;","        }","        local.assetsDict['/assets.example.js'] =","            local.assetsDict['/assets.example.js'] ||","            local.fs.readFileSync(__filename, 'utf8');","        // bug-workaround - long $npm_package_buildCustomOrg","        /* jslint-ignore-begin */","        local.assetsDict['/assets.npmtest_dropbox.rollup.js'] =","            local.assetsDict['/assets.npmtest_dropbox.rollup.js'] ||","            local.fs.readFileSync(","                local.npmtest_dropbox.__dirname + '/lib.npmtest_dropbox.js',","                'utf8'","            ).replace((/^#!/), '//');","        /* jslint-ignore-end */","        local.assetsDict['/favicon.ico'] = local.assetsDict['/favicon.ico'] || '';","        // if $npm_config_timeout_exit exists,","        // then exit this process after $npm_config_timeout_exit ms","        if (Number(process.env.npm_config_timeout_exit)) {","            setTimeout(process.exit, Number(process.env.npm_config_timeout_exit));","        }","        // start server","        if (local.global.utility2_serverHttp1) {","            break;","        }","        process.env.PORT = process.env.PORT || '8081';","        console.error('server starting on port ' + process.env.PORT);","        local.http.createServer(function (request, response) {","            request.urlParsed = local.url.parse(request.url);","            if (local.assetsDict[request.urlParsed.pathname] !== undefined) {","                response.end(local.assetsDict[request.urlParsed.pathname]);","                return;","            }","            response.statusCode = 404;","            response.end();","        }).listen(process.env.PORT);","        break;","    }","}());",""],"l":{"26":2,"28":2,"33":2,"35":2,"37":2,"38":2,"39":2,"44":1,"51":2,"55":2,"59":2,"61":2,"69":1,"70":2,"76":2,"79":2,"82":2,"83":2,"85":1,"89":2,"92":1,"93":1,"94":1,"96":1,"97":1,"100":1,"101":1,"103":1,"106":1,"108":2,"114":1,"116":1,"118":1,"123":1,"124":2,"125":2,"126":3,"127":3,"128":3,"129":3,"130":1,"133":3,"134":3,"139":3,"143":1,"144":3,"145":1,"149":1,"150":1,"158":1,"160":1,"161":1,"162":1,"164":1,"166":1,"258":1,"259":1,"271":1,"274":6,"275":6,"277":1,"279":2,"281":1,"283":2,"288":1,"289":1,"291":1,"296":1,"303":1,"306":1,"307":1,"310":1,"311":1,"313":1,"314":1,"315":1,"316":1,"317":1,"318":1,"319":1,"321":1,"322":1,"324":1}},"/home/travis/build/npmtest/node-npmtest-dropbox/node_modules/dropbox/src/index.js":{"path":"/home/travis/build/npmtest/node-npmtest-dropbox/node_modules/dropbox/src/index.js","s":{"1":1,"2":1},"b":{},"f":{},"fnMap":{},"statementMap":{"1":{"start":{"line":1,"column":0},"end":{"line":1,"column":35}},"2":{"start":{"line":3,"column":0},"end":{"line":3,"column":25}}},"branchMap":{},"code":["var Dropbox = require('./dropbox');","","module.exports = Dropbox;",""],"l":{"1":1,"3":1}},"/home/travis/build/npmtest/node-npmtest-dropbox/node_modules/dropbox/src/dropbox.js":{"path":"/home/travis/build/npmtest/node-npmtest-dropbox/node_modules/dropbox/src/dropbox.js","s":{"1":1,"2":1,"3":1,"4":1,"5":0,"6":1,"7":1,"8":1,"9":1,"10":0,"11":1},"b":{},"f":{"1":0,"2":0},"fnMap":{"1":{"name":"(anonymous_1)","line":18,"loc":{"start":{"line":18,"column":10},"end":{"line":18,"column":29}}},"2":{"name":"(anonymous_2)","line":29,"loc":{"start":{"line":29,"column":43},"end":{"line":29,"column":58}}}},"statementMap":{"1":{"start":{"line":1,"column":0},"end":{"line":1,"column":44}},"2":{"start":{"line":2,"column":0},"end":{"line":2,"column":33}},"3":{"start":{"line":3,"column":0},"end":{"line":3,"column":12}},"4":{"start":{"line":18,"column":0},"end":{"line":20,"column":2}},"5":{"start":{"line":19,"column":2},"end":{"line":19,"column":34}},"6":{"start":{"line":22,"column":0},"end":{"line":22,"column":57}},"7":{"start":{"line":24,"column":0},"end":{"line":24,"column":40}},"8":{"start":{"line":27,"column":0},"end":{"line":27,"column":61}},"9":{"start":{"line":29,"column":0},"end":{"line":31,"column":2}},"10":{"start":{"line":30,"column":2},"end":{"line":30,"column":78}},"11":{"start":{"line":33,"column":0},"end":{"line":33,"column":25}}},"branchMap":{},"code":["var DropboxBase = require('./dropbox-base');","var routes = require('./routes');","var Dropbox;","","/**"," * @class Dropbox"," * @extends DropboxBase"," * @classdesc The Dropbox SDK class that provides methods to read, write and"," * create files or folders in a user's Dropbox."," * @arg {Object} options"," * @arg {String} [options.accessToken] - An access token for making authenticated"," * requests."," * @arg {String} [options.clientId] - The client id for your app. Used to create"," * authentication URL."," * @arg {String} [options.selectUser] - Select user is only used by DropboxTeam."," * It specifies which user the team access token should be acting as."," */","Dropbox = function (options) {","  DropboxBase.call(this, options);","};","","Dropbox.prototype = Object.create(DropboxBase.prototype);","","Dropbox.prototype.constructor = Dropbox;","","// Add the user endpoint methods to the prototype","Dropbox.prototype = Object.assign(Dropbox.prototype, routes);","","Dropbox.prototype.filesGetSharedLinkFile = function (arg) {","  return this.request('sharing/get_shared_link_file', arg, 'api', 'download');","};","","module.exports = Dropbox;",""],"l":{"1":1,"2":1,"3":1,"18":1,"19":0,"22":1,"24":1,"27":1,"29":1,"30":0,"33":1}},"/home/travis/build/npmtest/node-npmtest-dropbox/node_modules/dropbox/src/dropbox-base.js":{"path":"/home/travis/build/npmtest/node-npmtest-dropbox/node_modules/dropbox/src/dropbox-base.js","s":{"1":1,"2":1,"3":1,"4":1,"5":0,"6":0,"7":0,"8":0,"9":1,"10":0,"11":1,"12":0,"13":1,"14":0,"15":1,"16":0,"17":1,"18":0,"19":0,"20":0,"21":0,"22":0,"23":0,"24":0,"25":0,"26":0,"27":0,"28":0,"29":0,"30":0,"31":1,"32":0,"33":0,"34":0,"35":0,"36":0,"37":0,"38":0,"39":0,"40":0,"41":0,"42":1,"43":0,"44":1,"45":0,"46":0,"47":0,"48":1,"49":0,"50":1,"51":0,"52":0,"53":0,"54":1,"55":0,"56":1,"57":0,"58":0,"59":0,"60":1},"b":{"1":[0,0],"2":[0,0],"3":[0,0],"4":[0,0],"5":[0,0],"6":[0,0,0,0],"7":[0,0],"8":[0,0],"9":[0,0]},"f":{"1":0,"2":0,"3":0,"4":0,"5":0,"6":0,"7":0,"8":0,"9":0,"10":0,"11":0,"12":0,"13":0},"fnMap":{"1":{"name":"(anonymous_1)","line":21,"loc":{"start":{"line":21,"column":14},"end":{"line":21,"column":33}}},"2":{"name":"(anonymous_2)","line":33,"loc":{"start":{"line":33,"column":39},"end":{"line":33,"column":62}}},"3":{"name":"(anonymous_3)","line":41,"loc":{"start":{"line":41,"column":39},"end":{"line":41,"column":51}}},"4":{"name":"(anonymous_4)","line":50,"loc":{"start":{"line":50,"column":36},"end":{"line":50,"column":56}}},"5":{"name":"(anonymous_5)","line":58,"loc":{"start":{"line":58,"column":36},"end":{"line":58,"column":48}}},"6":{"name":"(anonymous_6)","line":70,"loc":{"start":{"line":70,"column":45},"end":{"line":70,"column":75}}},"7":{"name":"(anonymous_7)","line":91,"loc":{"start":{"line":91,"column":32},"end":{"line":91,"column":73}}},"8":{"name":"(anonymous_8)","line":110,"loc":{"start":{"line":110,"column":38},"end":{"line":110,"column":63}}},"9":{"name":"(anonymous_9)","line":114,"loc":{"start":{"line":114,"column":38},"end":{"line":114,"column":50}}},"10":{"name":"(anonymous_10)","line":122,"loc":{"start":{"line":122,"column":43},"end":{"line":122,"column":73}}},"11":{"name":"(anonymous_11)","line":126,"loc":{"start":{"line":126,"column":43},"end":{"line":126,"column":55}}},"12":{"name":"(anonymous_12)","line":134,"loc":{"start":{"line":134,"column":41},"end":{"line":134,"column":69}}},"13":{"name":"(anonymous_13)","line":138,"loc":{"start":{"line":138,"column":41},"end":{"line":138,"column":53}}}},"statementMap":{"1":{"start":{"line":1,"column":0},"end":{"line":1,"column":55}},"2":{"start":{"line":2,"column":0},"end":{"line":2,"column":16}},"3":{"start":{"line":5,"column":0},"end":{"line":5,"column":36}},"4":{"start":{"line":21,"column":0},"end":{"line":26,"column":2}},"5":{"start":{"line":22,"column":2},"end":{"line":22,"column":26}},"6":{"start":{"line":23,"column":2},"end":{"line":23,"column":41}},"7":{"start":{"line":24,"column":2},"end":{"line":24,"column":35}},"8":{"start":{"line":25,"column":2},"end":{"line":25,"column":39}},"9":{"start":{"line":33,"column":0},"end":{"line":35,"column":2}},"10":{"start":{"line":34,"column":2},"end":{"line":34,"column":33}},"11":{"start":{"line":41,"column":0},"end":{"line":43,"column":2}},"12":{"start":{"line":42,"column":2},"end":{"line":42,"column":26}},"13":{"start":{"line":50,"column":0},"end":{"line":52,"column":2}},"14":{"start":{"line":51,"column":2},"end":{"line":51,"column":27}},"15":{"start":{"line":58,"column":0},"end":{"line":60,"column":2}},"16":{"start":{"line":59,"column":2},"end":{"line":59,"column":23}},"17":{"start":{"line":70,"column":0},"end":{"line":89,"column":2}},"18":{"start":{"line":71,"column":2},"end":{"line":71,"column":65}},"19":{"start":{"line":72,"column":2},"end":{"line":72,"column":36}},"20":{"start":{"line":73,"column":2},"end":{"line":73,"column":14}},"21":{"start":{"line":74,"column":2},"end":{"line":76,"column":3}},"22":{"start":{"line":75,"column":4},"end":{"line":75,"column":96}},"23":{"start":{"line":77,"column":2},"end":{"line":79,"column":3}},"24":{"start":{"line":78,"column":4},"end":{"line":78,"column":51}},"25":{"start":{"line":81,"column":2},"end":{"line":81,"column":73}},"26":{"start":{"line":82,"column":2},"end":{"line":84,"column":3}},"27":{"start":{"line":83,"column":4},"end":{"line":83,"column":55}},"28":{"start":{"line":85,"column":2},"end":{"line":87,"column":3}},"29":{"start":{"line":86,"column":4},"end":{"line":86,"column":42}},"30":{"start":{"line":88,"column":2},"end":{"line":88,"column":17}},"31":{"start":{"line":91,"column":0},"end":{"line":108,"column":2}},"32":{"start":{"line":92,"column":2},"end":{"line":92,"column":21}},"33":{"start":{"line":93,"column":2},"end":{"line":105,"column":3}},"34":{"start":{"line":95,"column":6},"end":{"line":95,"column":37}},"35":{"start":{"line":96,"column":6},"end":{"line":96,"column":12}},"36":{"start":{"line":98,"column":6},"end":{"line":98,"column":42}},"37":{"start":{"line":99,"column":6},"end":{"line":99,"column":12}},"38":{"start":{"line":101,"column":6},"end":{"line":101,"column":40}},"39":{"start":{"line":102,"column":6},"end":{"line":102,"column":12}},"40":{"start":{"line":104,"column":6},"end":{"line":104,"column":57}},"41":{"start":{"line":107,"column":2},"end":{"line":107,"column":81}},"42":{"start":{"line":110,"column":0},"end":{"line":112,"column":2}},"43":{"start":{"line":111,"column":2},"end":{"line":111,"column":51}},"44":{"start":{"line":114,"column":0},"end":{"line":120,"column":2}},"45":{"start":{"line":115,"column":2},"end":{"line":117,"column":3}},"46":{"start":{"line":116,"column":4},"end":{"line":116,"column":64}},"47":{"start":{"line":119,"column":2},"end":{"line":119,"column":42}},"48":{"start":{"line":122,"column":0},"end":{"line":124,"column":2}},"49":{"start":{"line":123,"column":2},"end":{"line":123,"column":61}},"50":{"start":{"line":126,"column":0},"end":{"line":132,"column":2}},"51":{"start":{"line":127,"column":2},"end":{"line":129,"column":3}},"52":{"start":{"line":128,"column":4},"end":{"line":128,"column":74}},"53":{"start":{"line":131,"column":2},"end":{"line":131,"column":47}},"54":{"start":{"line":134,"column":0},"end":{"line":136,"column":2}},"55":{"start":{"line":135,"column":2},"end":{"line":135,"column":57}},"56":{"start":{"line":138,"column":0},"end":{"line":144,"column":2}},"57":{"start":{"line":139,"column":2},"end":{"line":141,"column":3}},"58":{"start":{"line":140,"column":4},"end":{"line":140,"column":70}},"59":{"start":{"line":143,"column":2},"end":{"line":143,"column":45}},"60":{"start":{"line":146,"column":0},"end":{"line":146,"column":29}}},"branchMap":{"1":{"line":22,"type":"binary-expr","locations":[{"start":{"line":22,"column":12},"end":{"line":22,"column":19}},{"start":{"line":22,"column":23},"end":{"line":22,"column":25}}]},"2":{"line":74,"type":"if","locations":[{"start":{"line":74,"column":2},"end":{"line":74,"column":2}},{"start":{"line":74,"column":2},"end":{"line":74,"column":2}}]},"3":{"line":77,"type":"if","locations":[{"start":{"line":77,"column":2},"end":{"line":77,"column":2}},{"start":{"line":77,"column":2},"end":{"line":77,"column":2}}]},"4":{"line":82,"type":"if","locations":[{"start":{"line":82,"column":2},"end":{"line":82,"column":2}},{"start":{"line":82,"column":2},"end":{"line":82,"column":2}}]},"5":{"line":85,"type":"if","locations":[{"start":{"line":85,"column":2},"end":{"line":85,"column":2}},{"start":{"line":85,"column":2},"end":{"line":85,"column":2}}]},"6":{"line":93,"type":"switch","locations":[{"start":{"line":94,"column":4},"end":{"line":96,"column":12}},{"start":{"line":97,"column":4},"end":{"line":99,"column":12}},{"start":{"line":100,"column":4},"end":{"line":102,"column":12}},{"start":{"line":103,"column":4},"end":{"line":104,"column":57}}]},"7":{"line":115,"type":"if","locations":[{"start":{"line":115,"column":2},"end":{"line":115,"column":2}},{"start":{"line":115,"column":2},"end":{"line":115,"column":2}}]},"8":{"line":127,"type":"if","locations":[{"start":{"line":127,"column":2},"end":{"line":127,"column":2}},{"start":{"line":127,"column":2},"end":{"line":127,"column":2}}]},"9":{"line":139,"type":"if","locations":[{"start":{"line":139,"column":2},"end":{"line":139,"column":2}},{"start":{"line":139,"column":2},"end":{"line":139,"column":2}}]}},"code":["var REQUEST_CONSTANTS = require('./request-constants');","var DropboxBase;","","// Polyfill Object.assign() for older browsers","require('./object-assign-polyfill');","","/**"," * @private"," * @class DropboxBase"," * @classdesc The main Dropbox SDK class. This contains the methods that are"," * shared between Dropbox and DropboxTeam classes. It is marked as private so"," * that it doesn't show up in the docs because it is never used directly."," * @arg {Object} options"," * @arg {String} [options.accessToken] - An access token for making authenticated"," * requests."," * @arg {String} [options.clientId] - The client id fo ryour app. Used to create"," * authentication URL."," * @arg {Number} [options.selectUser] - User is the team access token would like"," * to act as."," */","DropboxBase = function (options) {","  options = options || {};","  this.accessToken = options.accessToken;","  this.clientId = options.clientId;","  this.selectUser = options.selectUser;","};","","/**"," * Set the access token used to authenticate requests to the API."," * @arg {String} accessToken - An access token"," * @returns {undefined}"," */","DropboxBase.prototype.setAccessToken = function (accessToken) {","  this.accessToken = accessToken;","};","","/**"," * Get the access token"," * @returns {String} Access token"," */","DropboxBase.prototype.getAccessToken = function () {","  return this.accessToken;","};","","/**"," * Set the client id, which is used to help gain an access token."," * @arg {String} clientId - Your apps client id"," * @returns {undefined}"," */","DropboxBase.prototype.setClientId = function (clientId) {","  this.clientId = clientId;","};","","/**"," * Get the client id"," * @returns {String} Client id"," */","DropboxBase.prototype.getClientId = function () {","  return this.clientId;","};","","/**"," * Get a URL that can be used to authenticate users for the Dropbox API."," * @arg {String} redirectUri - A URL to redirect the user to after"," * authenticating. This must be added to your app through the admin interface."," * @arg {String} [state] - State that will be returned in the redirect URL to help"," * prevent cross site scripting attacks."," * @returns {String} Url to send user to for Dropbox API authentication"," */","DropboxBase.prototype.getAuthenticationUrl = function (redirectUri, state) {","  var AUTH_BASE_URL = 'https://www.dropbox.com/oauth2/authorize';","  var clientId = this.getClientId();","  var authUrl;","  if (!clientId) {","    throw new Error('A client id is required. You can set the client id using .setClientId().');","  }","  if (!redirectUri) {","    throw new Error('A redirect uri is required.');","  }","","  authUrl = AUTH_BASE_URL + '?response_type=token&client_id=' + clientId;","  if (redirectUri) {","    authUrl = authUrl + '&redirect_uri=' + redirectUri;","  }","  if (state) {","    authUrl = authUrl + '&state=' + state;","  }","  return authUrl;","};","","DropboxBase.prototype.request = function (path, args, auth, host, style) {","  var request = null;","  switch (style) {","    case REQUEST_CONSTANTS.RPC:","      request = this.getRpcRequest();","      break;","    case REQUEST_CONSTANTS.DOWNLOAD:","      request = this.getDownloadRequest();","      break;","    case REQUEST_CONSTANTS.UPLOAD:","      request = this.getUploadRequest();","      break;","    default:","      throw new Error('Invalid request style: ' + style);","  }","","  return request(path, args, auth, host, this.getAccessToken(), this.selectUser);","};","","DropboxBase.prototype.setRpcRequest = function (newRpcRequest) {","  DropboxBase.prototype.rpcRequest = newRpcRequest;","};","","DropboxBase.prototype.getRpcRequest = function () {","  if (DropboxBase.prototype.rpcRequest === undefined) {","    DropboxBase.prototype.rpcRequest = require('./rpc-request');","  }","","  return DropboxBase.prototype.rpcRequest;","};","","DropboxBase.prototype.setDownloadRequest = function (newDownloadRequest) {","  DropboxBase.prototype.downloadRequest = newDownloadRequest;","};","","DropboxBase.prototype.getDownloadRequest = function () {","  if (DropboxBase.prototype.downloadRequest === undefined) {","    DropboxBase.prototype.downloadRequest = require('./download-request');","  }","","  return DropboxBase.prototype.downloadRequest;","};","","DropboxBase.prototype.setUploadRequest = function (newUploadRequest) {","  DropboxBase.prototype.uploadRequest = newUploadRequest;","};","","DropboxBase.prototype.getUploadRequest = function () {","  if (DropboxBase.prototype.uploadRequest === undefined) {","    DropboxBase.prototype.uploadRequest = require('./upload-request');","  }","","  return DropboxBase.prototype.uploadRequest;","};","","module.exports = DropboxBase;",""],"l":{"1":1,"2":1,"5":1,"21":1,"22":0,"23":0,"24":0,"25":0,"33":1,"34":0,"41":1,"42":0,"50":1,"51":0,"58":1,"59":0,"70":1,"71":0,"72":0,"73":0,"74":0,"75":0,"77":0,"78":0,"81":0,"82":0,"83":0,"85":0,"86":0,"88":0,"91":1,"92":0,"93":0,"95":0,"96":0,"98":0,"99":0,"101":0,"102":0,"104":0,"107":0,"110":1,"111":0,"114":1,"115":0,"116":0,"119":0,"122":1,"123":0,"126":1,"127":0,"128":0,"131":0,"134":1,"135":0,"138":1,"139":0,"140":0,"143":0,"146":1}},"/home/travis/build/npmtest/node-npmtest-dropbox/node_modules/dropbox/src/request-constants.js":{"path":"/home/travis/build/npmtest/node-npmtest-dropbox/node_modules/dropbox/src/request-constants.js","s":{"1":1,"2":1},"b":{},"f":{},"fnMap":{},"statementMap":{"1":{"start":{"line":1,"column":0},"end":{"line":5,"column":2}},"2":{"start":{"line":7,"column":0},"end":{"line":7,"column":35}}},"branchMap":{},"code":["var REQUEST_CONSTANTS = {","  RPC: 'rpc',","  DOWNLOAD: 'download',","  UPLOAD: 'upload'","};","","module.exports = REQUEST_CONSTANTS;",""],"l":{"1":1,"7":1}},"/home/travis/build/npmtest/node-npmtest-dropbox/node_modules/dropbox/src/object-assign-polyfill.js":{"path":"/home/travis/build/npmtest/node-npmtest-dropbox/node_modules/dropbox/src/object-assign-polyfill.js","s":{"1":1,"2":0,"3":0,"4":0,"5":0,"6":0,"7":0,"8":0,"9":0,"10":0,"11":0,"12":0,"13":0,"14":0,"15":0,"16":0,"17":0},"b":{"1":[0,1],"2":[0,0],"3":[0,0],"4":[0,0],"5":[0,0],"6":[0,0]},"f":{"1":0,"2":0},"fnMap":{"1":{"name":"(anonymous_1)","line":4,"loc":{"start":{"line":4,"column":3},"end":{"line":4,"column":15}}},"2":{"name":"(anonymous_2)","line":5,"loc":{"start":{"line":5,"column":20},"end":{"line":5,"column":38}}}},"statementMap":{"1":{"start":{"line":3,"column":0},"end":{"line":29,"column":1}},"2":{"start":{"line":4,"column":2},"end":{"line":28,"column":7}},"3":{"start":{"line":5,"column":4},"end":{"line":27,"column":6}},"4":{"start":{"line":7,"column":6},"end":{"line":7,"column":17}},"5":{"start":{"line":8,"column":6},"end":{"line":8,"column":16}},"6":{"start":{"line":9,"column":6},"end":{"line":9,"column":17}},"7":{"start":{"line":10,"column":6},"end":{"line":10,"column":18}},"8":{"start":{"line":11,"column":6},"end":{"line":13,"column":7}},"9":{"start":{"line":12,"column":8},"end":{"line":12,"column":74}},"10":{"start":{"line":15,"column":6},"end":{"line":15,"column":30}},"11":{"start":{"line":16,"column":6},"end":{"line":25,"column":7}},"12":{"start":{"line":17,"column":8},"end":{"line":17,"column":34}},"13":{"start":{"line":18,"column":8},"end":{"line":24,"column":9}},"14":{"start":{"line":19,"column":10},"end":{"line":23,"column":11}},"15":{"start":{"line":20,"column":12},"end":{"line":22,"column":13}},"16":{"start":{"line":21,"column":14},"end":{"line":21,"column":48}},"17":{"start":{"line":26,"column":6},"end":{"line":26,"column":20}}},"branchMap":{"1":{"line":3,"type":"if","locations":[{"start":{"line":3,"column":0},"end":{"line":3,"column":0}},{"start":{"line":3,"column":0},"end":{"line":3,"column":0}}]},"2":{"line":11,"type":"if","locations":[{"start":{"line":11,"column":6},"end":{"line":11,"column":6}},{"start":{"line":11,"column":6},"end":{"line":11,"column":6}}]},"3":{"line":11,"type":"binary-expr","locations":[{"start":{"line":11,"column":10},"end":{"line":11,"column":30}},{"start":{"line":11,"column":34},"end":{"line":11,"column":49}}]},"4":{"line":18,"type":"if","locations":[{"start":{"line":18,"column":8},"end":{"line":18,"column":8}},{"start":{"line":18,"column":8},"end":{"line":18,"column":8}}]},"5":{"line":18,"type":"binary-expr","locations":[{"start":{"line":18,"column":12},"end":{"line":18,"column":32}},{"start":{"line":18,"column":36},"end":{"line":18,"column":51}}]},"6":{"line":20,"type":"if","locations":[{"start":{"line":20,"column":12},"end":{"line":20,"column":12}},{"start":{"line":20,"column":12},"end":{"line":20,"column":12}}]}},"code":["// Polyfill object.assign for legacy browsers","// https://developer.mozilla.org/en-US/docs/Web/JavaScript/Reference/Global_Objects/Object/assign","if (typeof Object.assign !== 'function') {","  (function () {","    Object.assign = function (target) {","      'use strict';","      var output;","      var index;","      var source;","      var nextKey;","      if (target === undefined || target === null) {","        throw new TypeError('Cannot convert undefined or null to object');","      }","","      output = Object(target);","      for (index = 1; index < arguments.length; index++) {","        source = arguments[index];","        if (source !== undefined && source !== null) {","          for (nextKey in source) {","            if (source.hasOwnProperty(nextKey)) {","              output[nextKey] = source[nextKey];","            }","          }","        }","      }","      return output;","    };","  }());","}",""],"l":{"3":1,"4":0,"5":0,"7":0,"8":0,"9":0,"10":0,"11":0,"12":0,"15":0,"16":0,"17":0,"18":0,"19":0,"20":0,"21":0,"26":0}},"/home/travis/build/npmtest/node-npmtest-dropbox/node_modules/dropbox/src/routes.js":{"path":"/home/travis/build/npmtest/node-npmtest-dropbox/node_modules/dropbox/src/routes.js","s":{"1":1,"2":1,"3":0,"4":1,"5":0,"6":1,"7":0,"8":1,"9":0,"10":1,"11":0,"12":1,"13":0,"14":1,"15":0,"16":1,"17":0,"18":1,"19":0,"20":1,"21":0,"22":1,"23":0,"24":1,"25":0,"26":1,"27":0,"28":1,"29":0,"30":1,"31":0,"32":1,"33":0,"34":1,"35":0,"36":1,"37":0,"38":1,"39":0,"40":1,"41":0,"42":1,"43":0,"44":1,"45":0,"46":1,"47":0,"48":1,"49":0,"50":1,"51":0,"52":1,"53":0,"54":1,"55":0,"56":1,"57":0,"58":1,"59":0,"60":1,"61":0,"62":1,"63":0,"64":1,"65":0,"66":1,"67":0,"68":1,"69":0,"70":1,"71":0,"72":1,"73":0,"74":1,"75":0,"76":1,"77":0,"78":1,"79":0,"80":1,"81":0,"82":1,"83":0,"84":1,"85":0,"86":1,"87":0,"88":1,"89":0,"90":1,"91":0,"92":1,"93":0,"94":1,"95":0,"96":1,"97":0,"98":1,"99":0,"100":1,"101":0,"102":1,"103":0,"104":1,"105":0,"106":1,"107":0,"108":1,"109":0,"110":1,"111":0,"112":1,"113":0,"114":1,"115":0,"116":1,"117":0,"118":1,"119":0,"120":1,"121":0,"122":1,"123":0,"124":1,"125":0,"126":1,"127":0,"128":1,"129":0,"130":1,"131":0,"132":1,"133":0,"134":1,"135":0,"136":1,"137":0,"138":1,"139":0,"140":1,"141":0,"142":1,"143":0,"144":1,"145":0,"146":1,"147":0,"148":1,"149":0,"150":1,"151":0,"152":1,"153":0,"154":1,"155":0,"156":1,"157":0,"158":1,"159":0,"160":1,"161":0,"162":1,"163":0,"164":1,"165":0,"166":1,"167":0,"168":1,"169":0,"170":1,"171":0,"172":1,"173":0,"174":1,"175":0,"176":1,"177":0,"178":1,"179":0,"180":1,"181":0,"182":1,"183":0,"184":1,"185":0,"186":1,"187":0,"188":1,"189":0,"190":1,"191":0,"192":1,"193":0,"194":1,"195":0,"196":1,"197":0,"198":1,"199":0,"200":1,"201":0,"202":1,"203":0,"204":1,"205":0,"206":1,"207":0,"208":1,"209":0,"210":1},"b":{},"f":{"1":0,"2":0,"3":0,"4":0,"5":0,"6":0,"7":0,"8":0,"9":0,"10":0,"11":0,"12":0,"13":0,"14":0,"15":0,"16":0,"17":0,"18":0,"19":0,"20":0,"21":0,"22":0,"23":0,"24":0,"25":0,"26":0,"27":0,"28":0,"29":0,"30":0,"31":0,"32":0,"33":0,"34":0,"35":0,"36":0,"37":0,"38":0,"39":0,"40":0,"41":0,"42":0,"43":0,"44":0,"45":0,"46":0,"47":0,"48":0,"49":0,"50":0,"51":0,"52":0,"53":0,"54":0,"55":0,"56":0,"57":0,"58":0,"59":0,"60":0,"61":0,"62":0,"63":0,"64":0,"65":0,"66":0,"67":0,"68":0,"69":0,"70":0,"71":0,"72":0,"73":0,"74":0,"75":0,"76":0,"77":0,"78":0,"79":0,"80":0,"81":0,"82":0,"83":0,"84":0,"85":0,"86":0,"87":0,"88":0,"89":0,"90":0,"91":0,"92":0,"93":0,"94":0,"95":0,"96":0,"97":0,"98":0,"99":0,"100":0,"101":0,"102":0,"103":0,"104":0},"fnMap":{"1":{"name":"(anonymous_1)","line":10,"loc":{"start":{"line":10,"column":29},"end":{"line":10,"column":44}}},"2":{"name":"(anonymous_2)","line":20,"loc":{"start":{"line":20,"column":25},"end":{"line":20,"column":40}}},"3":{"name":"(anonymous_3)","line":32,"loc":{"start":{"line":32,"column":31},"end":{"line":32,"column":46}}},"4":{"name":"(anonymous_4)","line":45,"loc":{"start":{"line":45,"column":26},"end":{"line":45,"column":41}}},"5":{"name":"(anonymous_5)","line":56,"loc":{"start":{"line":56,"column":19},"end":{"line":56,"column":34}}},"6":{"name":"(anonymous_6)","line":72,"loc":{"start":{"line":72,"column":24},"end":{"line":72,"column":39}}},"7":{"name":"(anonymous_7)","line":83,"loc":{"start":{"line":83,"column":29},"end":{"line":83,"column":44}}},"8":{"name":"(anonymous_8)","line":95,"loc":{"start":{"line":95,"column":31},"end":{"line":95,"column":46}}},"9":{"name":"(anonymous_9)","line":105,"loc":{"start":{"line":105,"column":32},"end":{"line":105,"column":47}}},"10":{"name":"(anonymous_10)","line":115,"loc":{"start":{"line":115,"column":27},"end":{"line":115,"column":42}}},"11":{"name":"(anonymous_11)","line":129,"loc":{"start":{"line":129,"column":21},"end":{"line":129,"column":36}}},"12":{"name":"(anonymous_12)","line":141,"loc":{"start":{"line":141,"column":26},"end":{"line":141,"column":41}}},"13":{"name":"(anonymous_13)","line":152,"loc":{"start":{"line":152,"column":31},"end":{"line":152,"column":46}}},"14":{"name":"(anonymous_14)","line":162,"loc":{"start":{"line":162,"column":23},"end":{"line":162,"column":38}}},"15":{"name":"(anonymous_15)","line":173,"loc":{"start":{"line":173,"column":26},"end":{"line":173,"column":41}}},"16":{"name":"(anonymous_16)","line":185,"loc":{"start":{"line":185,"column":25},"end":{"line":185,"column":40}}},"17":{"name":"(anonymous_17)","line":197,"loc":{"start":{"line":197,"column":31},"end":{"line":197,"column":46}}},"18":{"name":"(anonymous_18)","line":209,"loc":{"start":{"line":209,"column":27},"end":{"line":209,"column":42}}},"19":{"name":"(anonymous_19)","line":234,"loc":{"start":{"line":234,"column":25},"end":{"line":234,"column":40}}},"20":{"name":"(anonymous_20)","line":246,"loc":{"start":{"line":246,"column":33},"end":{"line":246,"column":48}}},"21":{"name":"(anonymous_21)","line":259,"loc":{"start":{"line":259,"column":40},"end":{"line":259,"column":55}}},"22":{"name":"(anonymous_22)","line":274,"loc":{"start":{"line":274,"column":33},"end":{"line":274,"column":48}}},"23":{"name":"(anonymous_23)","line":284,"loc":{"start":{"line":284,"column":28},"end":{"line":284,"column":43}}},"24":{"name":"(anonymous_24)","line":295,"loc":{"start":{"line":295,"column":19},"end":{"line":295,"column":34}}},"25":{"name":"(anonymous_25)","line":309,"loc":{"start":{"line":309,"column":24},"end":{"line":309,"column":39}}},"26":{"name":"(anonymous_26)","line":320,"loc":{"start":{"line":320,"column":29},"end":{"line":320,"column":44}}},"27":{"name":"(anonymous_27)","line":332,"loc":{"start":{"line":332,"column":32},"end":{"line":332,"column":47}}},"28":{"name":"(anonymous_28)","line":343,"loc":{"start":{"line":343,"column":28},"end":{"line":343,"column":43}}},"29":{"name":"(anonymous_29)","line":353,"loc":{"start":{"line":353,"column":34},"end":{"line":353,"column":49}}},"30":{"name":"(anonymous_30)","line":366,"loc":{"start":{"line":366,"column":31},"end":{"line":366,"column":46}}},"31":{"name":"(anonymous_31)","line":376,"loc":{"start":{"line":376,"column":36},"end":{"line":376,"column":51}}},"32":{"name":"(anonymous_32)","line":387,"loc":{"start":{"line":387,"column":37},"end":{"line":387,"column":52}}},"33":{"name":"(anonymous_33)","line":399,"loc":{"start":{"line":399,"column":31},"end":{"line":399,"column":46}}},"34":{"name":"(anonymous_34)","line":409,"loc":{"start":{"line":409,"column":22},"end":{"line":409,"column":37}}},"35":{"name":"(anonymous_35)","line":420,"loc":{"start":{"line":420,"column":22},"end":{"line":420,"column":37}}},"36":{"name":"(anonymous_36)","line":430,"loc":{"start":{"line":430,"column":36},"end":{"line":430,"column":51}}},"37":{"name":"(anonymous_37)","line":441,"loc":{"start":{"line":441,"column":21},"end":{"line":441,"column":36}}},"38":{"name":"(anonymous_38)","line":453,"loc":{"start":{"line":453,"column":21},"end":{"line":453,"column":36}}},"39":{"name":"(anonymous_39)","line":465,"loc":{"start":{"line":465,"column":34},"end":{"line":465,"column":49}}},"40":{"name":"(anonymous_40)","line":477,"loc":{"start":{"line":477,"column":36},"end":{"line":477,"column":51}}},"41":{"name":"(anonymous_41)","line":488,"loc":{"start":{"line":488,"column":34},"end":{"line":488,"column":49}}},"42":{"name":"(anonymous_42)","line":509,"loc":{"start":{"line":509,"column":39},"end":{"line":509,"column":54}}},"43":{"name":"(anonymous_43)","line":520,"loc":{"start":{"line":520,"column":44},"end":{"line":520,"column":59}}},"44":{"name":"(anonymous_44)","line":535,"loc":{"start":{"line":535,"column":33},"end":{"line":535,"column":48}}},"45":{"name":"(anonymous_45)","line":547,"loc":{"start":{"line":547,"column":26},"end":{"line":547,"column":41}}},"46":{"name":"(anonymous_46)","line":557,"loc":{"start":{"line":557,"column":27},"end":{"line":557,"column":42}}},"47":{"name":"(anonymous_47)","line":570,"loc":{"start":{"line":570,"column":34},"end":{"line":570,"column":49}}},"48":{"name":"(anonymous_48)","line":581,"loc":{"start":{"line":581,"column":42},"end":{"line":581,"column":57}}},"49":{"name":"(anonymous_49)","line":596,"loc":{"start":{"line":596,"column":32},"end":{"line":596,"column":47}}},"50":{"name":"(anonymous_50)","line":608,"loc":{"start":{"line":608,"column":23},"end":{"line":608,"column":38}}},"51":{"name":"(anonymous_51)","line":619,"loc":{"start":{"line":619,"column":31},"end":{"line":619,"column":46}}},"52":{"name":"(anonymous_52)","line":631,"loc":{"start":{"line":631,"column":36},"end":{"line":631,"column":51}}},"53":{"name":"(anonymous_53)","line":641,"loc":{"start":{"line":641,"column":35},"end":{"line":641,"column":50}}},"54":{"name":"(anonymous_54)","line":655,"loc":{"start":{"line":655,"column":35},"end":{"line":655,"column":50}}},"55":{"name":"(anonymous_55)","line":667,"loc":{"start":{"line":667,"column":27},"end":{"line":667,"column":42}}},"56":{"name":"(anonymous_56)","line":680,"loc":{"start":{"line":680,"column":28},"end":{"line":680,"column":43}}},"57":{"name":"(anonymous_57)","line":691,"loc":{"start":{"line":691,"column":36},"end":{"line":691,"column":51}}},"58":{"name":"(anonymous_58)","line":702,"loc":{"start":{"line":702,"column":30},"end":{"line":702,"column":45}}},"59":{"name":"(anonymous_59)","line":712,"loc":{"start":{"line":712,"column":30},"end":{"line":712,"column":45}}},"60":{"name":"(anonymous_60)","line":725,"loc":{"start":{"line":725,"column":32},"end":{"line":725,"column":47}}},"61":{"name":"
[...]
y {Array.<Object>} groups - List of group IDs of groups that the user"," * belongs to."," * @property {string} [external_id] - External ID that a team can attach to the"," * user. An application using the API may find it easier to use their own IDs"," * instead of Dropbox IDs like account_id or team_member_id."," * @property {string} [account_id] - A user's account identifier."," * @property {Timestamp} [joined_on] - The date and time the user joined as a"," * member of a specific team."," * @property {string} [persistent_id] - Persistent ID that a team can attach to"," * the user. The persistent ID is unique ID to be used for SAML authentication."," */","","/**"," * The user's status as a member of a specific team."," * @typedef {Object} TeamTeamMemberStatus"," * @property {TeamRemovedStatus} [removed] - Available if .tag is removed. User"," * is no longer a member of the team. Removed users are only listed when"," * include_removed is true in members/list."," * @property {('active'|'invited'|'suspended'|'removed')} .tag - Tag identifying the union variant."," */","","/**"," * @typedef {Object} TeamTeamMembershipType"," * @property {('full'|'limited')} .tag - Tag identifying the union variant."," */","","/**"," * @typedef {Object} TeamUpdatePropertyTemplateArg"," * @property {string} template_id - An identifier for property template added by"," * properties/template/add."," * @property {string} [name] - A display name for the property template."," * Property template names can be up to 256 bytes."," * @property {string} [description] - Description for new property template."," * Property template descriptions can be up to 1024 bytes."," * @property {Array.<PropertiesPropertyFieldTemplate>} [add_fields] - This is a"," * list of custom properties to add to the property template. There can be up to"," * 64 properties in a single property template."," */","","/**"," * @typedef {Object} TeamUpdatePropertyTemplateResult"," * @property {string} template_id - An identifier for property template added by"," * properties/template/add."," */","","/**"," * Argument for selecting a single user, either by team_member_id, external_id"," * or email."," * @typedef {Object} TeamUserSelectorArg"," * @property {string} [team_member_id] - Available if .tag is team_member_id."," * @property {string} [external_id] - Available if .tag is external_id."," * @property {string} [email] - Available if .tag is email."," * @property {('team_member_id'|'external_id'|'email')} .tag - Tag identifying the union variant."," */","","/**"," * Error that can be returned whenever a struct derived from UserSelectorArg is"," * used."," * @typedef {Object} TeamUserSelectorError"," * @property {'user_not_found'} .tag - Tag identifying the union variant."," */","","/**"," * Argument for selecting a list of users, either by team_member_ids,"," * external_ids or emails."," * @typedef {Object} TeamUsersSelectorArg"," * @property {Array.<Object>} [team_member_ids] - Available if .tag is"," * team_member_ids. List of member IDs."," * @property {Array.<Object>} [external_ids] - Available if .tag is"," * external_ids. List of external user IDs."," * @property {Array.<Object>} [emails] - Available if .tag is emails. List of"," * email addresses."," * @property {('team_member_ids'|'external_ids'|'emails')} .tag - Tag identifying the union variant."," */","","/**"," * The group type determines how a group is managed."," * @typedef {Object} TeamCommonGroupManagementType"," * @property {('user_managed'|'company_managed'|'system_managed'|'other')} .tag - Tag identifying the union variant."," */","","/**"," * Information about a group."," * @typedef {Object} TeamCommonGroupSummary"," * @property {string} group_name"," * @property {string} group_id"," * @property {TeamCommonGroupManagementType} group_management_type - Who is"," * allowed to manage the group."," * @property {string} [group_external_id] - External ID of group. This is an"," * arbitrary ID that an admin can attach to a group."," * @property {number} [member_count] - The number of members in the group."," */","","/**"," * The group type determines how a group is created and managed."," * @typedef {Object} TeamCommonGroupType"," * @property {('team'|'user_managed'|'other')} .tag - Tag identifying the union variant."," */","","/**"," * Time range."," * @typedef {Object} TeamCommonTimeRange"," * @property {Timestamp} [start_time] - Optional starting time (inclusive)."," * @property {Timestamp} [end_time] - Optional ending time (exclusive)."," */","","/**"," * @typedef {Object} TeamPoliciesEmmState"," * @property {('disabled'|'optional'|'required'|'other')} .tag - Tag identifying the union variant."," */","","/**"," * Policy governing which shared folders a team member can join."," * @typedef {Object} TeamPoliciesSharedFolderJoinPolicy"," * @property {('from_team_only'|'from_anyone'|'other')} .tag - Tag identifying the union variant."," */","","/**"," * Policy governing who can be a member of a folder shared by a team member."," * @typedef {Object} TeamPoliciesSharedFolderMemberPolicy"," * @property {('team'|'anyone'|'other')} .tag - Tag identifying the union variant."," */","","/**"," * Policy governing the visibility of shared links. This policy can apply to"," * newly created shared links, or all shared links."," * @typedef {Object} TeamPoliciesSharedLinkCreatePolicy"," * @property {('default_public'|'default_team_only'|'team_only'|'other')} .tag - Tag identifying the union variant."," */","","/**"," * Policies governing team members."," * @typedef {Object} TeamPoliciesTeamMemberPolicies"," * @property {TeamPoliciesTeamSharingPolicies} sharing - Policies governing"," * sharing."," * @property {TeamPoliciesEmmState} emm_state - This describes the Enterprise"," * Mobility Management (EMM) state for this team. This information can be used"," * to understand if an organization is integrating with a third-party EMM vendor"," * to further manage and apply restrictions upon the team's Dropbox usage on"," * mobile devices. This is a new feature and in the future we'll be adding more"," * new fields and additional documentation."," */","","/**"," * Policies governing sharing within and outside of the team."," * @typedef {Object} TeamPoliciesTeamSharingPolicies"," * @property {TeamPoliciesSharedFolderMemberPolicy} shared_folder_member_policy"," * - Who can join folders shared by team members."," * @property {TeamPoliciesSharedFolderJoinPolicy} shared_folder_join_policy -"," * Which shared folders team members can join."," * @property {TeamPoliciesSharedLinkCreatePolicy} shared_link_create_policy -"," * Who can view shared links owned by team members."," */","","/**"," * The amount of detail revealed about an account depends on the user being"," * queried and the user making the query."," * @typedef {Object} UsersAccount"," * @property {string} account_id - The user's unique Dropbox ID."," * @property {UsersName} name - Details of a user's name."," * @property {string} email - The user's e-mail address. Do not rely on this"," * without checking the email_verified field. Even then, it's possible that the"," * user has since lost access to their e-mail."," * @property {boolean} email_verified - Whether the user has verified their"," * e-mail address."," * @property {boolean} disabled - Whether the user has been disabled."," * @property {string} [profile_photo_url] - URL for the photo representing the"," * user, if one is set."," */","","/**"," * What type of account this user has."," * @typedef {Object} UsersAccountType"," * @property {('basic'|'pro'|'business')} .tag - Tag identifying the union variant."," */","","/**"," * Basic information about any account."," * @typedef {Object} UsersBasicAccount"," * @property {string} account_id - The user's unique Dropbox ID."," * @property {UsersName} name - Details of a user's name."," * @property {string} email - The user's e-mail address. Do not rely on this"," * without checking the email_verified field. Even then, it's possible that the"," * user has since lost access to their e-mail."," * @property {boolean} email_verified - Whether the user has verified their"," * e-mail address."," * @property {boolean} disabled - Whether the user has been disabled."," * @property {boolean} is_teammate - Whether this user is a teammate of the"," * current user. If this account is the current user's account, then this will"," * be true."," * @property {string} [profile_photo_url] - URL for the photo representing the"," * user, if one is set."," * @property {string} [team_member_id] - The user's unique team member id. This"," * field will only be present if the user is part of a team and is_teammate is"," * true."," */","","/**"," * Detailed information about the current user's account."," * @typedef {Object} UsersFullAccount"," * @property {string} account_id - The user's unique Dropbox ID."," * @property {UsersName} name - Details of a user's name."," * @property {string} email - The user's e-mail address. Do not rely on this"," * without checking the email_verified field. Even then, it's possible that the"," * user has since lost access to their e-mail."," * @property {boolean} email_verified - Whether the user has verified their"," * e-mail address."," * @property {boolean} disabled - Whether the user has been disabled."," * @property {string} locale - The language that the user specified. Locale tags"," * will be IETF language tags http://en.wikipedia.org/wiki/IETF_language_tag."," * @property {string} referral_link - The user's referral link"," * https://www.dropbox.com/referrals."," * @property {boolean} is_paired - Whether the user has a personal and work"," * account. If the current account is personal, then team will always be null,"," * but is_paired will indicate if a work account is linked."," * @property {UsersAccountType} account_type - What type of account this user"," * has."," * @property {string} [profile_photo_url] - URL for the photo representing the"," * user, if one is set."," * @property {string} [country] - The user's two-letter country code, if"," * available. Country codes are based on ISO 3166-1"," * http://en.wikipedia.org/wiki/ISO_3166-1."," * @property {UsersFullTeam} [team] - If this account is a member of a team,"," * information about that team."," * @property {string} [team_member_id] - This account's unique team member id."," * This field will only be present if team is present."," */","","/**"," * Detailed information about a team."," * @typedef {Object} UsersFullTeam"," * @property {string} id - The team's unique ID."," * @property {string} name - The name of the team."," * @property {TeamPoliciesTeamSharingPolicies} sharing_policies - Team policies"," * governing sharing."," */","","/**"," * @typedef {Object} UsersGetAccountArg"," * @property {string} account_id - A user's account identifier."," */","","/**"," * @typedef {Object} UsersGetAccountBatchArg"," * @property {Array.<Object>} account_ids - List of user account identifiers."," * Should not contain any duplicate account IDs."," */","","/**"," * @typedef {Object} UsersGetAccountBatchError"," * @property {string} [no_account] - Available if .tag is no_account. The value"," * is an account ID specified in :field:`GetAccountBatchArg.account_ids` that"," * does not exist."," * @property {('no_account'|'other')} .tag - Tag identifying the union variant."," */","","/**"," * @typedef {Object} UsersGetAccountError"," * @property {('no_account'|'other')} .tag - Tag identifying the union variant."," */","","/**"," * @typedef {Object} UsersIndividualSpaceAllocation"," * @property {number} allocated - The total space allocated to the user's"," * account (bytes)."," */","","/**"," * Representations for a person's name to assist with internationalization."," * @typedef {Object} UsersName"," * @property {string} given_name - Also known as a first name."," * @property {string} surname - Also known as a last name or family name."," * @property {string} familiar_name - Locale-dependent name. In the US, a"," * person's familiar name is their given_name, but elsewhere, it could be any"," * combination of a person's given_name and surname."," * @property {string} display_name - A name that can be used directly to"," * represent the name of a user's Dropbox account."," * @property {string} abbreviated_name - An abbreviated form of the person's"," * name. Their initials in most locales."," */","","/**"," * Space is allocated differently based on the type of account."," * @typedef {Object} UsersSpaceAllocation"," * @property {UsersIndividualSpaceAllocation} [individual] - Available if .tag"," * is individual. The user's space allocation applies only to their individual"," * account."," * @property {UsersTeamSpaceAllocation} [team] - Available if .tag is team. The"," * user shares space with other members of their team."," * @property {('individual'|'team'|'other')} .tag - Tag identifying the union variant."," */","","/**"," * Information about a user's space usage and quota."," * @typedef {Object} UsersSpaceUsage"," * @property {number} used - The user's total space usage (bytes)."," * @property {UsersSpaceAllocation} allocation - The user's space allocation."," */","","/**"," * Information about a team."," * @typedef {Object} UsersTeam"," * @property {string} id - The team's unique ID."," * @property {string} name - The name of the team."," */","","/**"," * @typedef {Object} UsersTeamSpaceAllocation"," * @property {number} used - The total space currently used by the user's team"," * (bytes)."," * @property {number} allocated - The total space allocated to the user's team"," * (bytes)."," */",""],"l":{}},"/home/travis/build/npmtest/node-npmtest-dropbox/node_modules/dropbox/src/upload-request.js":{"path":"/home/travis/build/npmtest/node-npmtest-dropbox/node_modules/dropbox/src/upload-request.js","s":{"1":1,"2":1,"3":1,"4":1,"5":1,"6":0,"7":1,"8":0,"9":0,"10":0,"11":0,"12":0,"13":0,"14":1,"15":0,"16":0,"17":1,"18":0,"19":0,"20":1,"21":0,"22":0,"23":0,"24":0,"25":0,"26":0,"27":0,"28":0,"29":1},"b":{"1":[0,0],"2":[0,0],"3":[0,0],"4":[0,0],"5":[0,0],"6":[0,0],"7":[0,0]},"f":{"1":0,"2":0,"3":0,"4":0,"5":0,"6":0},"fnMap":{"1":{"name":"(anonymous_1)","line":7,"loc":{"start":{"line":7,"column":23},"end":{"line":7,"column":50}}},"2":{"name":"(anonymous_2)","line":15,"loc":{"start":{"line":15,"column":20},"end":{"line":15,"column":79}}},"3":{"name":"(anonymous_3)","line":20,"loc":{"start":{"line":20,"column":24},"end":{"line":20,"column":51}}},"4":{"name":"success","line":28,"loc":{"start":{"line":28,"column":4},"end":{"line":28,"column":27}}},"5":{"name":"failure","line":34,"loc":{"start":{"line":34,"column":4},"end":{"line":34,"column":28}}},"6":{"name":"responseHandler","line":40,"loc":{"start":{"line":40,"column":4},"end":{"line":40,"column":46}}}},"statementMap":{"1":{"start":{"line":1,"column":0},"end":{"line":1,"column":36}},"2":{"start":{"line":2,"column":0},"end":{"line":2,"column":45}},"3":{"start":{"line":3,"column":0},"end":{"line":3,"column":43}},"4":{"start":{"line":4,"column":0},"end":{"line":4,"column":60}},"5":{"start":{"line":7,"column":0},"end":{"line":13,"column":2}},"6":{"start":{"line":8,"column":2},"end":{"line":12,"column":4}},"7":{"start":{"line":15,"column":0},"end":{"line":63,"column":2}},"8":{"start":{"line":16,"column":2},"end":{"line":18,"column":3}},"9":{"start":{"line":17,"column":4},"end":{"line":17,"column":53}},"10":{"start":{"line":20,"column":2},"end":{"line":60,"column":4}},"11":{"start":{"line":21,"column":4},"end":{"line":21,"column":19}},"12":{"start":{"line":25,"column":4},"end":{"line":25,"column":33}},"13":{"start":{"line":26,"column":4},"end":{"line":26,"column":25}},"14":{"start":{"line":28,"column":4},"end":{"line":32,"column":5}},"15":{"start":{"line":29,"column":6},"end":{"line":31,"column":7}},"16":{"start":{"line":30,"column":8},"end":{"line":30,"column":22}},"17":{"start":{"line":34,"column":4},"end":{"line":38,"column":5}},"18":{"start":{"line":35,"column":6},"end":{"line":37,"column":7}},"19":{"start":{"line":36,"column":8},"end":{"line":36,"column":22}},"20":{"start":{"line":40,"column":4},"end":{"line":46,"column":5}},"21":{"start":{"line":41,"column":6},"end":{"line":45,"column":7}},"22":{"start":{"line":42,"column":8},"end":{"line":42,"column":51}},"23":{"start":{"line":44,"column":8},"end":{"line":44,"column":31}},"24":{"start":{"line":48,"column":4},"end":{"line":51,"column":56}},"25":{"start":{"line":53,"column":4},"end":{"line":55,"column":5}},"26":{"start":{"line":54,"column":6},"end":{"line":54,"column":73}},"27":{"start":{"line":57,"column":4},"end":{"line":59,"column":28}},"28":{"start":{"line":62,"column":2},"end":{"line":62,"column":38}},"29":{"start":{"line":65,"column":0},"end":{"line":65,"column":31}}},"branchMap":{"1":{"line":10,"type":"binary-expr","locations":[{"start":{"line":10,"column":12},"end":{"line":10,"column":43}},{"start":{"line":10,"column":48},"end":{"line":10,"column":64}}]},"2":{"line":10,"type":"cond-expr","locations":[{"start":{"line":10,"column":23},"end":{"line":10,"column":36}},{"start":{"line":10,"column":39},"end":{"line":10,"column":43}}]},"3":{"line":16,"type":"if","locations":[{"start":{"line":16,"column":2},"end":{"line":16,"column":2}},{"start":{"line":16,"column":2},"end":{"line":16,"column":2}}]},"4":{"line":29,"type":"if","locations":[{"start":{"line":29,"column":6},"end":{"line":29,"column":6}},{"start":{"line":29,"column":6},"end":{"line":29,"column":6}}]},"5":{"line":35,"type":"if","locations":[{"start":{"line":35,"column":6},"end":{"line":35,"column":6}},{"start":{"line":35,"column":6},"end":{"line":35,"column":6}}]},"6":{"line":41,"type":"if","locations":[{"start":{"line":41,"column":6},"end":{"line":41,"column":6}},{"start":{"line":41,"column":6},"end":{"line":41,"column":6}}]},"7":{"line":53,"type":"if","locations":[{"start":{"line":53,"column":4},"end":{"line":53,"column":4}},{"start":{"line":53,"column":4},"end":{"line":53,"column":4}}]}},"code":["var request = require('superagent');","var Promise = require('es6-promise').Promise;","var getBaseURL = require('./get-base-url');","var httpHeaderSafeJson = require('./http-header-safe-json');","","// This doesn't match what was spec'd in paper doc yet","var buildCustomError = function (error, response) {","  return {","    status: error.status,","    error: (response ? response.text : null) || error.toString(),","    response: response","  };","};","","var uploadRequest = function (path, args, auth, host, accessToken, selectUser) {","  if (auth !== 'user') {","    throw new Error('Unexpected auth type: ' + auth);","  }","","  var promiseFunction = function (resolve, reject) {","    var apiRequest;","","    // Since args.contents is sent as the body of the request and not added to","    // the url, it needs to be remove it from args.","    var contents = args.contents;","    delete args.contents;","","    function success(data) {","      if (resolve) {","        resolve(data);","      }","    }","","    function failure(error) {","      if (reject) {","        reject(error);","      }","    }","","    function responseHandler(error, response) {","      if (error) {","        failure(buildCustomError(error, response));","      } else {","        success(response.body);","      }","    }","","    apiRequest = request.post(getBaseURL(host) + path)","      .type('application/octet-stream')","      .set('Authorization', 'Bearer ' + accessToken)","      .set('Dropbox-API-Arg', httpHeaderSafeJson(args));","","    if (selectUser) {","      apiRequest = apiRequest.set('Dropbox-API-Select-User', selectUser);","    }","","    apiRequest","      .send(contents)","      .end(responseHandler);","  };","","  return new Promise(promiseFunction);","};","","module.exports = uploadRequest;",""],"l":{"1":1,"2":1,"3":1,"4":1,"7":1,"8":0,"15":1,"16":0,"17":0,"20":0,"21":0,"25":0,"26":0,"28":1,"29":0,"30":0,"34":1,"35":0,"36":0,"40":1,"41":0,"42":0,"44":0,"48":0,"53":0,"54":0,"57":0,"62":0,"65":1}}}